INFO - 2023-06-07 09:24:45 --> Session: Class initialized using 'CodeIgniter\Session\Handlers\FileHandler' driver.
INFO - 2023-06-07 09:25:02 --> Session: Class initialized using 'CodeIgniter\Session\Handlers\FileHandler' driver.
INFO - 2023-06-07 09:25:02 --> Session: Class initialized using 'CodeIgniter\Session\Handlers\FileHandler' driver.
INFO - 2023-06-07 09:25:09 --> Session: Class initialized using 'CodeIgniter\Session\Handlers\FileHandler' driver.
INFO - 2023-06-07 09:26:23 --> Session: Class initialized using 'CodeIgniter\Session\Handlers\FileHandler' driver.
INFO - 2023-06-07 09:26:23 --> Session: Class initialized using 'CodeIgniter\Session\Handlers\FileHandler' driver.
INFO - 2023-06-07 09:26:25 --> Session: Class initialized using 'CodeIgniter\Session\Handlers\FileHandler' driver.
INFO - 2023-06-07 09:27:27 --> Session: Class initialized using 'CodeIgniter\Session\Handlers\FileHandler' driver.
INFO - 2023-06-07 09:31:58 --> Session: Class initialized using 'CodeIgniter\Session\Handlers\FileHandler' driver.
INFO - 2023-06-07 09:32:00 --> Session: Class initialized using 'CodeIgniter\Session\Handlers\FileHandler' driver.
INFO - 2023-06-07 09:32:20 --> Session: Class initialized using 'CodeIgniter\Session\Handlers\FileHandler' driver.
INFO - 2023-06-07 09:32:21 --> Session: Class initialized using 'CodeIgniter\Session\Handlers\FileHandler' driver.
INFO - 2023-06-07 09:34:02 --> Session: Class initialized using 'CodeIgniter\Session\Handlers\FileHandler' driver.
INFO - 2023-06-07 09:34:51 --> Session: Class initialized using 'CodeIgniter\Session\Handlers\FileHandler' driver.
INFO - 2023-06-07 09:34:52 --> Session: Class initialized using 'CodeIgniter\Session\Handlers\FileHandler' driver.
INFO - 2023-06-07 09:34:53 --> Session: Class initialized using 'CodeIgniter\Session\Handlers\FileHandler' driver.
INFO - 2023-06-07 09:38:53 --> Session: Class initialized using 'CodeIgniter\Session\Handlers\FileHandler' driver.
INFO - 2023-06-07 09:42:46 --> Session: Class initialized using 'CodeIgniter\Session\Handlers\FileHandler' driver.
INFO - 2023-06-07 09:42:57 --> Session: Class initialized using 'CodeIgniter\Session\Handlers\FileHandler' driver.
INFO - 2023-06-07 09:42:59 --> Session: Class initialized using 'CodeIgniter\Session\Handlers\FileHandler' driver.
INFO - 2023-06-07 09:43:21 --> Session: Class initialized using 'CodeIgniter\Session\Handlers\FileHandler' driver.
INFO - 2023-06-07 09:43:46 --> Session: Class initialized using 'CodeIgniter\Session\Handlers\FileHandler' driver.
INFO - 2023-06-07 09:43:47 --> Session: Class initialized using 'CodeIgniter\Session\Handlers\FileHandler' driver.
INFO - 2023-06-07 09:44:09 --> Session: Class initialized using 'CodeIgniter\Session\Handlers\FileHandler' driver.
INFO - 2023-06-07 09:44:40 --> Session: Class initialized using 'CodeIgniter\Session\Handlers\FileHandler' driver.
INFO - 2023-06-07 09:45:43 --> Session: Class initialized using 'CodeIgniter\Session\Handlers\FileHandler' driver.
INFO - 2023-06-07 09:47:31 --> Session: Class initialized using 'CodeIgniter\Session\Handlers\FileHandler' driver.
INFO - 2023-06-07 09:47:32 --> Session: Class initialized using 'CodeIgniter\Session\Handlers\FileHandler' driver.
INFO - 2023-06-07 09:47:41 --> Session: Class initialized using 'CodeIgniter\Session\Handlers\FileHandler' driver.
INFO - 2023-06-07 09:47:43 --> Session: Class initialized using 'CodeIgniter\Session\Handlers\FileHandler' driver.
INFO - 2023-06-07 09:48:43 --> Session: Class initialized using 'CodeIgniter\Session\Handlers\FileHandler' driver.
INFO - 2023-06-07 09:49:08 --> Session: Class initialized using 'CodeIgniter\Session\Handlers\FileHandler' driver.
INFO - 2023-06-07 09:49:21 --> Session: Class initialized using 'CodeIgniter\Session\Handlers\FileHandler' driver.
INFO - 2023-06-07 09:49:22 --> Session: Class initialized using 'CodeIgniter\Session\Handlers\FileHandler' driver.
INFO - 2023-06-07 09:52:33 --> Session: Class initialized using 'CodeIgniter\Session\Handlers\FileHandler' driver.
INFO - 2023-06-07 09:52:47 --> Session: Class initialized using 'CodeIgniter\Session\Handlers\FileHandler' driver.
INFO - 2023-06-07 09:53:21 --> Session: Class initialized using 'CodeIgniter\Session\Handlers\FileHandler' driver.
INFO - 2023-06-07 09:53:29 --> Session: Class initialized using 'CodeIgniter\Session\Handlers\FileHandler' driver.
INFO - 2023-06-07 09:53:49 --> Session: Class initialized using 'CodeIgniter\Session\Handlers\FileHandler' driver.
INFO - 2023-06-07 09:54:48 --> Session: Class initialized using 'CodeIgniter\Session\Handlers\FileHandler' driver.
INFO - 2023-06-07 09:55:45 --> Session: Class initialized using 'CodeIgniter\Session\Handlers\FileHandler' driver.
INFO - 2023-06-07 09:56:04 --> Session: Class initialized using 'CodeIgniter\Session\Handlers\FileHandler' driver.
INFO - 2023-06-07 09:56:45 --> Session: Class initialized using 'CodeIgniter\Session\Handlers\FileHandler' driver.
INFO - 2023-06-07 09:56:49 --> Session: Class initialized using 'CodeIgniter\Session\Handlers\FileHandler' driver.
INFO - 2023-06-07 09:57:09 --> Session: Class initialized using 'CodeIgniter\Session\Handlers\FileHandler' driver.
INFO - 2023-06-07 09:58:24 --> Session: Class initialized using 'CodeIgniter\Session\Handlers\FileHandler' driver.
INFO - 2023-06-07 09:59:04 --> Session: Class initialized using 'CodeIgniter\Session\Handlers\FileHandler' driver.
INFO - 2023-06-07 09:59:06 --> Session: Class initialized using 'CodeIgniter\Session\Handlers\FileHandler' driver.
INFO - 2023-06-07 09:59:15 --> Session: Class initialized using 'CodeIgniter\Session\Handlers\FileHandler' driver.
INFO - 2023-06-07 09:59:17 --> Session: Class initialized using 'CodeIgniter\Session\Handlers\FileHandler' driver.
INFO - 2023-06-07 10:01:08 --> Session: Class initialized using 'CodeIgniter\Session\Handlers\FileHandler' driver.
INFO - 2023-06-07 10:01:09 --> Session: Class initialized using 'CodeIgniter\Session\Handlers\FileHandler' driver.
INFO - 2023-06-07 10:11:54 --> Session: Class initialized using 'CodeIgniter\Session\Handlers\FileHandler' driver.
INFO - 2023-06-07 10:12:05 --> Session: Class initialized using 'CodeIgniter\Session\Handlers\FileHandler' driver.
INFO - 2023-06-07 10:12:09 --> Session: Class initialized using 'CodeIgniter\Session\Handlers\FileHandler' driver.
INFO - 2023-06-07 10:26:17 --> Session: Class initialized using 'CodeIgniter\Session\Handlers\FileHandler' driver.
INFO - 2023-06-07 10:26:20 --> Session: Class initialized using 'CodeIgniter\Session\Handlers\FileHandler' driver.
INFO - 2023-06-07 10:26:28 --> Session: Class initialized using 'CodeIgniter\Session\Handlers\FileHandler' driver.
INFO - 2023-06-07 10:26:57 --> Session: Class initialized using 'CodeIgniter\Session\Handlers\FileHandler' driver.
INFO - 2023-06-07 10:27:02 --> Session: Class initialized using 'CodeIgniter\Session\Handlers\FileHandler' driver.
INFO - 2023-06-07 10:27:16 --> Session: Class initialized using 'CodeIgniter\Session\Handlers\FileHandler' driver.
INFO - 2023-06-07 10:27:18 --> Session: Class initialized using 'CodeIgniter\Session\Handlers\FileHandler' driver.
INFO - 2023-06-07 10:27:23 --> Session: Class initialized using 'CodeIgniter\Session\Handlers\FileHandler' driver.
INFO - 2023-06-07 10:45:54 --> Session: Class initialized using 'CodeIgniter\Session\Handlers\FileHandler' driver.
INFO - 2023-06-07 10:45:57 --> Session: Class initialized using 'CodeIgniter\Session\Handlers\FileHandler' driver.
INFO - 2023-06-07 10:45:59 --> Session: Class initialized using 'CodeIgniter\Session\Handlers\FileHandler' driver.
CRITICAL - 2023-06-07 10:45:59 --> Call to undefined method App\Models\UserModel::findByEmailOrUsername
in SYSTEMPATH\Model.php on line 842.
 1 APPPATH\Controllers\Auth.php(216): CodeIgniter\Model->__call('findByEmailOrUsername', [...])
 2 SYSTEMPATH\CodeIgniter.php(934): App\Controllers\Auth->sendResetPasswordEmail()
 3 SYSTEMPATH\CodeIgniter.php(499): CodeIgniter\CodeIgniter->runController(Object(App\Controllers\Auth))
 4 SYSTEMPATH\CodeIgniter.php(368): CodeIgniter\CodeIgniter->handleRequest(null, Object(Config\Cache), false)
 5 FCPATH\index.php(67): CodeIgniter\CodeIgniter->run()
 6 SYSTEMPATH\Commands\Server\rewrite.php(47): require_once('D:\\xamp\\htdocs\\procurementwebsite\\procurementwebsite\\public\\index.php')
INFO - 2023-06-07 10:46:52 --> Session: Class initialized using 'CodeIgniter\Session\Handlers\FileHandler' driver.
ERROR - 2023-06-07 10:46:52 --> mysqli_sql_exception: Unknown column 'username' in 'where clause' in D:\xamp\htdocs\procurementwebsite\procurementwebsite\system\Database\MySQLi\Connection.php:295
Stack trace:
#0 D:\xamp\htdocs\procurementwebsite\procurementwebsite\system\Database\MySQLi\Connection.php(295): mysqli->query('SELECT *\nFROM `...', 0)
#1 D:\xamp\htdocs\procurementwebsite\procurementwebsite\system\Database\BaseConnection.php(691): CodeIgniter\Database\MySQLi\Connection->execute('SELECT *\nFROM `...')
#2 D:\xamp\htdocs\procurementwebsite\procurementwebsite\system\Database\BaseConnection.php(605): CodeIgniter\Database\BaseConnection->simpleQuery('SELECT *\nFROM `...')
#3 D:\xamp\htdocs\procurementwebsite\procurementwebsite\system\Database\BaseBuilder.php(1616): CodeIgniter\Database\BaseConnection->query('SELECT *\nFROM `...', Array, false)
#4 D:\xamp\htdocs\procurementwebsite\procurementwebsite\system\Model.php(268): CodeIgniter\Database\BaseBuilder->get()
#5 D:\xamp\htdocs\procurementwebsite\procurementwebsite\system\BaseModel.php(656): CodeIgniter\Model->doFirst()
#6 D:\xamp\htdocs\procurementwebsite\procurementwebsite\app\Models\UserModel.php(53): CodeIgniter\BaseModel->first()
#7 D:\xamp\htdocs\procurementwebsite\procurementwebsite\app\Controllers\Auth.php(216): App\Models\UserModel->findByEmailOrUsername('markbrvaldez@gm...')
#8 D:\xamp\htdocs\procurementwebsite\procurementwebsite\system\CodeIgniter.php(934): App\Controllers\Auth->sendResetPasswordEmail()
#9 D:\xamp\htdocs\procurementwebsite\procurementwebsite\system\CodeIgniter.php(499): CodeIgniter\CodeIgniter->runController(Object(App\Controllers\Auth))
#10 D:\xamp\htdocs\procurementwebsite\procurementwebsite\system\CodeIgniter.php(368): CodeIgniter\CodeIgniter->handleRequest(NULL, Object(Config\Cache), false)
#11 D:\xamp\htdocs\procurementwebsite\procurementwebsite\public\index.php(67): CodeIgniter\CodeIgniter->run()
#12 D:\xamp\htdocs\procurementwebsite\procurementwebsite\system\Commands\Server\rewrite.php(47): require_once('D:\\xamp\\htdocs\\...')
#13 {main}
CRITICAL - 2023-06-07 10:46:52 --> Unknown column 'username' in 'where clause'
in SYSTEMPATH\Database\MySQLi\Connection.php on line 295.
 1 SYSTEMPATH\Database\MySQLi\Connection.php(295): mysqli->query('SELECT *
FROM `users`
WHERE `email` = \'markbrvaldez@gmail.com\'
OR `username` = \'markbrvaldez@gmail.com\'
 LIMIT 1', 0)
 2 SYSTEMPATH\Database\BaseConnection.php(691): CodeIgniter\Database\MySQLi\Connection->execute('SELECT *
FROM `users`
WHERE `email` = \'markbrvaldez@gmail.com\'
OR `username` = \'markbrvaldez@gmail.com\'
 LIMIT 1')
 3 SYSTEMPATH\Database\BaseConnection.php(605): CodeIgniter\Database\BaseConnection->simpleQuery('SELECT *
FROM `users`
WHERE `email` = \'markbrvaldez@gmail.com\'
OR `username` = \'markbrvaldez@gmail.com\'
 LIMIT 1')
 4 SYSTEMPATH\Database\BaseBuilder.php(1616): CodeIgniter\Database\BaseConnection->query('SELECT *
FROM `users`
WHERE `email` = :email:
OR `username` = :username:
 LIMIT 1', [...], false)
 5 SYSTEMPATH\Model.php(268): CodeIgniter\Database\BaseBuilder->get()
 6 SYSTEMPATH\BaseModel.php(656): CodeIgniter\Model->doFirst()
 7 APPPATH\Models\UserModel.php(53): CodeIgniter\BaseModel->first()
 8 APPPATH\Controllers\Auth.php(216): App\Models\UserModel->findByEmailOrUsername('markbrvaldez@gmail.com')
 9 SYSTEMPATH\CodeIgniter.php(934): App\Controllers\Auth->sendResetPasswordEmail()
10 SYSTEMPATH\CodeIgniter.php(499): CodeIgniter\CodeIgniter->runController(Object(App\Controllers\Auth))
11 SYSTEMPATH\CodeIgniter.php(368): CodeIgniter\CodeIgniter->handleRequest(null, Object(Config\Cache), false)
12 FCPATH\index.php(67): CodeIgniter\CodeIgniter->run()
13 SYSTEMPATH\Commands\Server\rewrite.php(47): require_once('D:\\xamp\\htdocs\\procurementwebsite\\procurementwebsite\\public\\index.php')
INFO - 2023-06-07 10:47:30 --> Session: Class initialized using 'CodeIgniter\Session\Handlers\FileHandler' driver.
INFO - 2023-06-07 10:47:30 --> Session: Class initialized using 'CodeIgniter\Session\Handlers\FileHandler' driver.
INFO - 2023-06-07 10:47:34 --> Session: Class initialized using 'CodeIgniter\Session\Handlers\FileHandler' driver.
INFO - 2023-06-07 10:47:36 --> Session: Class initialized using 'CodeIgniter\Session\Handlers\FileHandler' driver.
INFO - 2023-06-07 10:47:38 --> Session: Class initialized using 'CodeIgniter\Session\Handlers\FileHandler' driver.
INFO - 2023-06-07 10:47:39 --> Session: Class initialized using 'CodeIgniter\Session\Handlers\FileHandler' driver.
INFO - 2023-06-07 10:47:52 --> Session: Class initialized using 'CodeIgniter\Session\Handlers\FileHandler' driver.
CRITICAL - 2023-06-07 10:47:52 --> Call to protected OTPHP\OTP::__construct() from scope App\Controllers\Auth
in APPPATH\Controllers\Auth.php on line 208.
 1 APPPATH\Controllers\Auth.php(222): App\Controllers\Auth->generateOTPCode()
 2 SYSTEMPATH\CodeIgniter.php(934): App\Controllers\Auth->sendResetPasswordEmail()
 3 SYSTEMPATH\CodeIgniter.php(499): CodeIgniter\CodeIgniter->runController(Object(App\Controllers\Auth))
 4 SYSTEMPATH\CodeIgniter.php(368): CodeIgniter\CodeIgniter->handleRequest(null, Object(Config\Cache), false)
 5 FCPATH\index.php(67): CodeIgniter\CodeIgniter->run()
 6 SYSTEMPATH\Commands\Server\rewrite.php(47): require_once('D:\\xamp\\htdocs\\procurementwebsite\\procurementwebsite\\public\\index.php')
INFO - 2023-06-07 10:52:31 --> Session: Class initialized using 'CodeIgniter\Session\Handlers\FileHandler' driver.
CRITICAL - 2023-06-07 10:52:31 --> OTPHP\TOTP::create(): Argument #5 ($epoch) must be of type int, string given, called in D:\xamp\htdocs\procurementwebsite\procurementwebsite\app\Controllers\Auth.php on line 208
in VENDORPATH\spomky-labs\otphp\src\TOTP.php on line 16.
 1 APPPATH\Controllers\Auth.php(208): OTPHP\TOTP::create('0b5944fbeb1d61bb627965bd1cf3053a3cc8dc3d', 6, 'sha1', 30, 'YourApp')
 2 APPPATH\Controllers\Auth.php(223): App\Controllers\Auth->generateOTPCode()
 3 SYSTEMPATH\CodeIgniter.php(934): App\Controllers\Auth->sendResetPasswordEmail()
 4 SYSTEMPATH\CodeIgniter.php(499): CodeIgniter\CodeIgniter->runController(Object(App\Controllers\Auth))
 5 SYSTEMPATH\CodeIgniter.php(368): CodeIgniter\CodeIgniter->handleRequest(null, Object(Config\Cache), false)
 6 FCPATH\index.php(67): CodeIgniter\CodeIgniter->run()
 7 SYSTEMPATH\Commands\Server\rewrite.php(47): require_once('D:\\xamp\\htdocs\\procurementwebsite\\procurementwebsite\\public\\index.php')
INFO - 2023-06-07 10:53:03 --> Session: Class initialized using 'CodeIgniter\Session\Handlers\FileHandler' driver.
CRITICAL - 2023-06-07 10:53:04 --> OTPHP\TOTP::create(): Argument #5 ($epoch) must be of type int, string given, called in D:\xamp\htdocs\procurementwebsite\procurementwebsite\app\Controllers\Auth.php on line 208
in VENDORPATH\spomky-labs\otphp\src\TOTP.php on line 16.
 1 APPPATH\Controllers\Auth.php(208): OTPHP\TOTP::create('dasdjadsa', 6, 'sha1', 30, 'YourApp')
 2 APPPATH\Controllers\Auth.php(223): App\Controllers\Auth->generateOTPCode()
 3 SYSTEMPATH\CodeIgniter.php(934): App\Controllers\Auth->sendResetPasswordEmail()
 4 SYSTEMPATH\CodeIgniter.php(499): CodeIgniter\CodeIgniter->runController(Object(App\Controllers\Auth))
 5 SYSTEMPATH\CodeIgniter.php(368): CodeIgniter\CodeIgniter->handleRequest(null, Object(Config\Cache), false)
 6 FCPATH\index.php(67): CodeIgniter\CodeIgniter->run()
 7 SYSTEMPATH\Commands\Server\rewrite.php(47): require_once('D:\\xamp\\htdocs\\procurementwebsite\\procurementwebsite\\public\\index.php')
INFO - 2023-06-07 10:53:21 --> Session: Class initialized using 'CodeIgniter\Session\Handlers\FileHandler' driver.
CRITICAL - 2023-06-07 10:53:21 --> Call to protected OTPHP\OTP::__construct() from scope App\Controllers\Auth
in APPPATH\Controllers\Auth.php on line 208.
 1 APPPATH\Controllers\Auth.php(223): App\Controllers\Auth->generateOTPCode()
 2 SYSTEMPATH\CodeIgniter.php(934): App\Controllers\Auth->sendResetPasswordEmail()
 3 SYSTEMPATH\CodeIgniter.php(499): CodeIgniter\CodeIgniter->runController(Object(App\Controllers\Auth))
 4 SYSTEMPATH\CodeIgniter.php(368): CodeIgniter\CodeIgniter->handleRequest(null, Object(Config\Cache), false)
 5 FCPATH\index.php(67): CodeIgniter\CodeIgniter->run()
 6 SYSTEMPATH\Commands\Server\rewrite.php(47): require_once('D:\\xamp\\htdocs\\procurementwebsite\\procurementwebsite\\public\\index.php')
INFO - 2023-06-07 10:53:34 --> Session: Class initialized using 'CodeIgniter\Session\Handlers\FileHandler' driver.
CRITICAL - 2023-06-07 10:53:34 --> Call to protected OTPHP\OTP::__construct() from scope App\Controllers\Auth
in APPPATH\Controllers\Auth.php on line 209.
 1 APPPATH\Controllers\Auth.php(224): App\Controllers\Auth->generateOTPCode()
 2 SYSTEMPATH\CodeIgniter.php(934): App\Controllers\Auth->sendResetPasswordEmail()
 3 SYSTEMPATH\CodeIgniter.php(499): CodeIgniter\CodeIgniter->runController(Object(App\Controllers\Auth))
 4 SYSTEMPATH\CodeIgniter.php(368): CodeIgniter\CodeIgniter->handleRequest(null, Object(Config\Cache), false)
 5 FCPATH\index.php(67): CodeIgniter\CodeIgniter->run()
 6 SYSTEMPATH\Commands\Server\rewrite.php(47): require_once('D:\\xamp\\htdocs\\procurementwebsite\\procurementwebsite\\public\\index.php')
INFO - 2023-06-07 10:54:26 --> Session: Class initialized using 'CodeIgniter\Session\Handlers\FileHandler' driver.
CRITICAL - 2023-06-07 10:54:26 --> OTPHP\TOTP::create(): Argument #5 ($epoch) must be of type int, string given, called in D:\xamp\htdocs\procurementwebsite\procurementwebsite\app\Controllers\Auth.php on line 209
in VENDORPATH\spomky-labs\otphp\src\TOTP.php on line 16.
 1 APPPATH\Controllers\Auth.php(209): OTPHP\TOTP::create('your_secret_key', 6, 'sha1', 30, 'YourApp')
 2 APPPATH\Controllers\Auth.php(228): App\Controllers\Auth->generateOTPCode()
 3 SYSTEMPATH\CodeIgniter.php(934): App\Controllers\Auth->sendResetPasswordEmail()
 4 SYSTEMPATH\CodeIgniter.php(499): CodeIgniter\CodeIgniter->runController(Object(App\Controllers\Auth))
 5 SYSTEMPATH\CodeIgniter.php(368): CodeIgniter\CodeIgniter->handleRequest(null, Object(Config\Cache), false)
 6 FCPATH\index.php(67): CodeIgniter\CodeIgniter->run()
 7 SYSTEMPATH\Commands\Server\rewrite.php(47): require_once('D:\\xamp\\htdocs\\procurementwebsite\\procurementwebsite\\public\\index.php')
INFO - 2023-06-07 10:58:26 --> Session: Class initialized using 'CodeIgniter\Session\Handlers\FileHandler' driver.
CRITICAL - 2023-06-07 10:58:26 --> Array to string conversion
in APPPATH\Controllers\Auth.php on line 234.
 1 APPPATH\Controllers\Auth.php(234): CodeIgniter\Debug\Exceptions->errorHandler(2, 'Array to string conversion', 'D:\\xamp\\htdocs\\procurementwebsite\\procurementwebsite\\app\\Controllers\\Auth.php', 234)
 2 SYSTEMPATH\CodeIgniter.php(934): App\Controllers\Auth->sendResetPasswordEmail()
 3 SYSTEMPATH\CodeIgniter.php(499): CodeIgniter\CodeIgniter->runController(Object(App\Controllers\Auth))
 4 SYSTEMPATH\CodeIgniter.php(368): CodeIgniter\CodeIgniter->handleRequest(null, Object(Config\Cache), false)
 5 FCPATH\index.php(67): CodeIgniter\CodeIgniter->run()
 6 SYSTEMPATH\Commands\Server\rewrite.php(47): require_once('D:\\xamp\\htdocs\\procurementwebsite\\procurementwebsite\\public\\index.php')
INFO - 2023-06-07 10:59:39 --> Session: Class initialized using 'CodeIgniter\Session\Handlers\FileHandler' driver.
ERROR - 2023-06-07 10:59:41 --> Email: sendWithMail throwed ErrorException: mail(): Failed to connect to mailserver at &quot;localhost&quot; port 25, verify your &quot;SMTP&quot; and &quot;smtp_port&quot; setting in php.ini or use ini_set() in D:\xamp\htdocs\procurementwebsite\procurementwebsite\system\Email\Email.php:1735
Stack trace:
#0 [internal function]: CodeIgniter\Debug\Exceptions->errorHandler(2, 'mail(): Failed ...', 'D:\\xamp\\htdocs\\...', 1735)
#1 D:\xamp\htdocs\procurementwebsite\procurementwebsite\system\Email\Email.php(1735): mail('sample@gmail.co...', '=?UTF-8?Q?Passw...', 'Your OTP code i...', 'Date: Wed, 7 Ju...', '-f dswdcmd@gmai...')
#2 D:\xamp\htdocs\procurementwebsite\procurementwebsite\system\Email\Email.php(1667): CodeIgniter\Email\Email->sendWithMail()
#3 D:\xamp\htdocs\procurementwebsite\procurementwebsite\system\Email\Email.php(1565): CodeIgniter\Email\Email->spoolEmail()
#4 D:\xamp\htdocs\procurementwebsite\procurementwebsite\app\Controllers\Auth.php(235): CodeIgniter\Email\Email->send()
#5 D:\xamp\htdocs\procurementwebsite\procurementwebsite\system\CodeIgniter.php(934): App\Controllers\Auth->sendResetPasswordEmail()
#6 D:\xamp\htdocs\procurementwebsite\procurementwebsite\system\CodeIgniter.php(499): CodeIgniter\CodeIgniter->runController(Object(App\Controllers\Auth))
#7 D:\xamp\htdocs\procurementwebsite\procurementwebsite\system\CodeIgniter.php(368): CodeIgniter\CodeIgniter->handleRequest(NULL, Object(Config\Cache), false)
#8 D:\xamp\htdocs\procurementwebsite\procurementwebsite\public\index.php(67): CodeIgniter\CodeIgniter->run()
#9 D:\xamp\htdocs\procurementwebsite\procurementwebsite\system\Commands\Server\rewrite.php(47): require_once('D:\\xamp\\htdocs\\...')
#10 {main}
ERROR - 2023-06-07 10:59:41 --> Email: Unable to send email using PHP mail(). Your server might not be configured to send mail using this method.
ERROR - 2023-06-07 10:59:41 --> 
INFO - 2023-06-07 11:00:26 --> Session: Class initialized using 'CodeIgniter\Session\Handlers\FileHandler' driver.
INFO - 2023-06-07 11:00:29 --> Session: Class initialized using 'CodeIgniter\Session\Handlers\FileHandler' driver.
ERROR - 2023-06-07 11:00:31 --> Email: sendWithMail throwed ErrorException: mail(): Failed to connect to mailserver at &quot;localhost&quot; port 25, verify your &quot;SMTP&quot; and &quot;smtp_port&quot; setting in php.ini or use ini_set() in D:\xamp\htdocs\procurementwebsite\procurementwebsite\system\Email\Email.php:1735
Stack trace:
#0 [internal function]: CodeIgniter\Debug\Exceptions->errorHandler(2, 'mail(): Failed ...', 'D:\\xamp\\htdocs\\...', 1735)
#1 D:\xamp\htdocs\procurementwebsite\procurementwebsite\system\Email\Email.php(1735): mail('markbrvaldez@gm...', '=?UTF-8?Q?Passw...', 'Your OTP code i...', 'Date: Wed, 7 Ju...', '-f dswdcmd@gmai...')
#2 D:\xamp\htdocs\procurementwebsite\procurementwebsite\system\Email\Email.php(1667): CodeIgniter\Email\Email->sendWithMail()
#3 D:\xamp\htdocs\procurementwebsite\procurementwebsite\system\Email\Email.php(1565): CodeIgniter\Email\Email->spoolEmail()
#4 D:\xamp\htdocs\procurementwebsite\procurementwebsite\app\Controllers\Auth.php(235): CodeIgniter\Email\Email->send()
#5 D:\xamp\htdocs\procurementwebsite\procurementwebsite\system\CodeIgniter.php(934): App\Controllers\Auth->sendResetPasswordEmail()
#6 D:\xamp\htdocs\procurementwebsite\procurementwebsite\system\CodeIgniter.php(499): CodeIgniter\CodeIgniter->runController(Object(App\Controllers\Auth))
#7 D:\xamp\htdocs\procurementwebsite\procurementwebsite\system\CodeIgniter.php(368): CodeIgniter\CodeIgniter->handleRequest(NULL, Object(Config\Cache), false)
#8 D:\xamp\htdocs\procurementwebsite\procurementwebsite\public\index.php(67): CodeIgniter\CodeIgniter->run()
#9 D:\xamp\htdocs\procurementwebsite\procurementwebsite\system\Commands\Server\rewrite.php(47): require_once('D:\\xamp\\htdocs\\...')
#10 {main}
ERROR - 2023-06-07 11:00:31 --> Email: Unable to send email using PHP mail(). Your server might not be configured to send mail using this method.
ERROR - 2023-06-07 11:00:31 --> 
INFO - 2023-06-07 11:00:58 --> Session: Class initialized using 'CodeIgniter\Session\Handlers\FileHandler' driver.
INFO - 2023-06-07 11:01:02 --> Session: Class initialized using 'CodeIgniter\Session\Handlers\FileHandler' driver.
INFO - 2023-06-07 11:01:02 --> Session: Class initialized using 'CodeIgniter\Session\Handlers\FileHandler' driver.
INFO - 2023-06-07 11:01:05 --> Session: Class initialized using 'CodeIgniter\Session\Handlers\FileHandler' driver.
ERROR - 2023-06-07 11:01:07 --> Email: sendWithMail throwed ErrorException: mail(): Failed to connect to mailserver at &quot;localhost&quot; port 25, verify your &quot;SMTP&quot; and &quot;smtp_port&quot; setting in php.ini or use ini_set() in D:\xamp\htdocs\procurementwebsite\procurementwebsite\system\Email\Email.php:1735
Stack trace:
#0 [internal function]: CodeIgniter\Debug\Exceptions->errorHandler(2, 'mail(): Failed ...', 'D:\\xamp\\htdocs\\...', 1735)
#1 D:\xamp\htdocs\procurementwebsite\procurementwebsite\system\Email\Email.php(1735): mail('markbrvaldez@gm...', '=?UTF-8?Q?Passw...', 'Your OTP code i...', 'Date: Wed, 7 Ju...', '-f dswdcmd@gmai...')
#2 D:\xamp\htdocs\procurementwebsite\procurementwebsite\system\Email\Email.php(1667): CodeIgniter\Email\Email->sendWithMail()
#3 D:\xamp\htdocs\procurementwebsite\procurementwebsite\system\Email\Email.php(1565): CodeIgniter\Email\Email->spoolEmail()
#4 D:\xamp\htdocs\procurementwebsite\procurementwebsite\app\Controllers\Auth.php(235): CodeIgniter\Email\Email->send()
#5 D:\xamp\htdocs\procurementwebsite\procurementwebsite\system\CodeIgniter.php(934): App\Controllers\Auth->sendResetPasswordEmail()
#6 D:\xamp\htdocs\procurementwebsite\procurementwebsite\system\CodeIgniter.php(499): CodeIgniter\CodeIgniter->runController(Object(App\Controllers\Auth))
#7 D:\xamp\htdocs\procurementwebsite\procurementwebsite\system\CodeIgniter.php(368): CodeIgniter\CodeIgniter->handleRequest(NULL, Object(Config\Cache), false)
#8 D:\xamp\htdocs\procurementwebsite\procurementwebsite\public\index.php(67): CodeIgniter\CodeIgniter->run()
#9 D:\xamp\htdocs\procurementwebsite\procurementwebsite\system\Commands\Server\rewrite.php(47): require_once('D:\\xamp\\htdocs\\...')
#10 {main}
ERROR - 2023-06-07 11:01:07 --> Email: Unable to send email using PHP mail(). Your server might not be configured to send mail using this method.
ERROR - 2023-06-07 11:01:07 --> 
INFO - 2023-06-07 11:02:21 --> Session: Class initialized using 'CodeIgniter\Session\Handlers\FileHandler' driver.
INFO - 2023-06-07 11:02:23 --> Session: Class initialized using 'CodeIgniter\Session\Handlers\FileHandler' driver.
ERROR - 2023-06-07 11:02:25 --> Email: sendWithMail throwed ErrorException: mail(): Failed to connect to mailserver at &quot;localhost&quot; port 25, verify your &quot;SMTP&quot; and &quot;smtp_port&quot; setting in php.ini or use ini_set() in D:\xamp\htdocs\procurementwebsite\procurementwebsite\system\Email\Email.php:1735
Stack trace:
#0 [internal function]: CodeIgniter\Debug\Exceptions->errorHandler(2, 'mail(): Failed ...', 'D:\\xamp\\htdocs\\...', 1735)
#1 D:\xamp\htdocs\procurementwebsite\procurementwebsite\system\Email\Email.php(1735): mail('markbrvaldez@gm...', '=?UTF-8?Q?Passw...', 'Your OTP code i...', 'Date: Wed, 7 Ju...', '-f dswdcmd@gmai...')
#2 D:\xamp\htdocs\procurementwebsite\procurementwebsite\system\Email\Email.php(1667): CodeIgniter\Email\Email->sendWithMail()
#3 D:\xamp\htdocs\procurementwebsite\procurementwebsite\system\Email\Email.php(1565): CodeIgniter\Email\Email->spoolEmail()
#4 D:\xamp\htdocs\procurementwebsite\procurementwebsite\app\Controllers\Auth.php(235): CodeIgniter\Email\Email->send()
#5 D:\xamp\htdocs\procurementwebsite\procurementwebsite\system\CodeIgniter.php(934): App\Controllers\Auth->sendResetPasswordEmail()
#6 D:\xamp\htdocs\procurementwebsite\procurementwebsite\system\CodeIgniter.php(499): CodeIgniter\CodeIgniter->runController(Object(App\Controllers\Auth))
#7 D:\xamp\htdocs\procurementwebsite\procurementwebsite\system\CodeIgniter.php(368): CodeIgniter\CodeIgniter->handleRequest(NULL, Object(Config\Cache), false)
#8 D:\xamp\htdocs\procurementwebsite\procurementwebsite\public\index.php(67): CodeIgniter\CodeIgniter->run()
#9 D:\xamp\htdocs\procurementwebsite\procurementwebsite\system\Commands\Server\rewrite.php(47): require_once('D:\\xamp\\htdocs\\...')
#10 {main}
ERROR - 2023-06-07 11:02:25 --> Email: Unable to send email using PHP mail(). Your server might not be configured to send mail using this method.
ERROR - 2023-06-07 11:02:25 --> 
INFO - 2023-06-07 11:02:26 --> Session: Class initialized using 'CodeIgniter\Session\Handlers\FileHandler' driver.
INFO - 2023-06-07 11:02:26 --> Session: Class initialized using 'CodeIgniter\Session\Handlers\FileHandler' driver.
INFO - 2023-06-07 11:02:29 --> Session: Class initialized using 'CodeIgniter\Session\Handlers\FileHandler' driver.
INFO - 2023-06-07 11:02:31 --> Session: Class initialized using 'CodeIgniter\Session\Handlers\FileHandler' driver.
ERROR - 2023-06-07 11:02:33 --> Email: sendWithMail throwed ErrorException: mail(): Failed to connect to mailserver at &quot;localhost&quot; port 25, verify your &quot;SMTP&quot; and &quot;smtp_port&quot; setting in php.ini or use ini_set() in D:\xamp\htdocs\procurementwebsite\procurementwebsite\system\Email\Email.php:1735
Stack trace:
#0 [internal function]: CodeIgniter\Debug\Exceptions->errorHandler(2, 'mail(): Failed ...', 'D:\\xamp\\htdocs\\...', 1735)
#1 D:\xamp\htdocs\procurementwebsite\procurementwebsite\system\Email\Email.php(1735): mail('markbrvaldez@gm...', '=?UTF-8?Q?Passw...', 'Your OTP code i...', 'Date: Wed, 7 Ju...', '-f dswdcmd@gmai...')
#2 D:\xamp\htdocs\procurementwebsite\procurementwebsite\system\Email\Email.php(1667): CodeIgniter\Email\Email->sendWithMail()
#3 D:\xamp\htdocs\procurementwebsite\procurementwebsite\system\Email\Email.php(1565): CodeIgniter\Email\Email->spoolEmail()
#4 D:\xamp\htdocs\procurementwebsite\procurementwebsite\app\Controllers\Auth.php(235): CodeIgniter\Email\Email->send()
#5 D:\xamp\htdocs\procurementwebsite\procurementwebsite\system\CodeIgniter.php(934): App\Controllers\Auth->sendResetPasswordEmail()
#6 D:\xamp\htdocs\procurementwebsite\procurementwebsite\system\CodeIgniter.php(499): CodeIgniter\CodeIgniter->runController(Object(App\Controllers\Auth))
#7 D:\xamp\htdocs\procurementwebsite\procurementwebsite\system\CodeIgniter.php(368): CodeIgniter\CodeIgniter->handleRequest(NULL, Object(Config\Cache), false)
#8 D:\xamp\htdocs\procurementwebsite\procurementwebsite\public\index.php(67): CodeIgniter\CodeIgniter->run()
#9 D:\xamp\htdocs\procurementwebsite\procurementwebsite\system\Commands\Server\rewrite.php(47): require_once('D:\\xamp\\htdocs\\...')
#10 {main}
ERROR - 2023-06-07 11:02:33 --> Email: Unable to send email using PHP mail(). Your server might not be configured to send mail using this method.
ERROR - 2023-06-07 11:02:33 --> 
INFO - 2023-06-07 11:02:33 --> Session: Class initialized using 'CodeIgniter\Session\Handlers\FileHandler' driver.
INFO - 2023-06-07 11:02:34 --> Session: Class initialized using 'CodeIgniter\Session\Handlers\FileHandler' driver.
INFO - 2023-06-07 11:04:20 --> Session: Class initialized using 'CodeIgniter\Session\Handlers\FileHandler' driver.
INFO - 2023-06-07 11:04:34 --> Session: Class initialized using 'CodeIgniter\Session\Handlers\FileHandler' driver.
INFO - 2023-06-07 11:04:35 --> Session: Class initialized using 'CodeIgniter\Session\Handlers\FileHandler' driver.
INFO - 2023-06-07 11:05:19 --> Session: Class initialized using 'CodeIgniter\Session\Handlers\FileHandler' driver.
INFO - 2023-06-07 11:05:21 --> Session: Class initialized using 'CodeIgniter\Session\Handlers\FileHandler' driver.
INFO - 2023-06-07 11:05:23 --> Session: Class initialized using 'CodeIgniter\Session\Handlers\FileHandler' driver.
ERROR - 2023-06-07 11:05:25 --> Email: sendWithMail throwed ErrorException: mail(): Failed to connect to mailserver at &quot;localhost&quot; port 25, verify your &quot;SMTP&quot; and &quot;smtp_port&quot; setting in php.ini or use ini_set() in D:\xamp\htdocs\procurementwebsite\procurementwebsite\system\Email\Email.php:1735
Stack trace:
#0 [internal function]: CodeIgniter\Debug\Exceptions->errorHandler(2, 'mail(): Failed ...', 'D:\\xamp\\htdocs\\...', 1735)
#1 D:\xamp\htdocs\procurementwebsite\procurementwebsite\system\Email\Email.php(1735): mail('markbrvaldez@gm...', '=?UTF-8?Q?Passw...', 'Your OTP code i...', 'Date: Wed, 7 Ju...', '-f dswdcmd@gmai...')
#2 D:\xamp\htdocs\procurementwebsite\procurementwebsite\system\Email\Email.php(1667): CodeIgniter\Email\Email->sendWithMail()
#3 D:\xamp\htdocs\procurementwebsite\procurementwebsite\system\Email\Email.php(1565): CodeIgniter\Email\Email->spoolEmail()
#4 D:\xamp\htdocs\procurementwebsite\procurementwebsite\app\Controllers\Auth.php(240): CodeIgniter\Email\Email->send()
#5 D:\xamp\htdocs\procurementwebsite\procurementwebsite\system\CodeIgniter.php(934): App\Controllers\Auth->sendResetPasswordEmail()
#6 D:\xamp\htdocs\procurementwebsite\procurementwebsite\system\CodeIgniter.php(499): CodeIgniter\CodeIgniter->runController(Object(App\Controllers\Auth))
#7 D:\xamp\htdocs\procurementwebsite\procurementwebsite\system\CodeIgniter.php(368): CodeIgniter\CodeIgniter->handleRequest(NULL, Object(Config\Cache), false)
#8 D:\xamp\htdocs\procurementwebsite\procurementwebsite\public\index.php(67): CodeIgniter\CodeIgniter->run()
#9 D:\xamp\htdocs\procurementwebsite\procurementwebsite\system\Commands\Server\rewrite.php(47): require_once('D:\\xamp\\htdocs\\...')
#10 {main}
ERROR - 2023-06-07 11:05:25 --> Email: Unable to send email using PHP mail(). Your server might not be configured to send mail using this method.
ERROR - 2023-06-07 11:05:25 --> 
INFO - 2023-06-07 11:09:11 --> Session: Class initialized using 'CodeIgniter\Session\Handlers\FileHandler' driver.
INFO - 2023-06-07 11:09:14 --> Session: Class initialized using 'CodeIgniter\Session\Handlers\FileHandler' driver.
ERROR - 2023-06-07 11:09:16 --> Email: sendWithMail throwed ErrorException: mail(): Failed to connect to mailserver at &quot;localhost&quot; port 25, verify your &quot;SMTP&quot; and &quot;smtp_port&quot; setting in php.ini or use ini_set() in D:\xamp\htdocs\procurementwebsite\procurementwebsite\system\Email\Email.php:1735
Stack trace:
#0 [internal function]: CodeIgniter\Debug\Exceptions->errorHandler(2, 'mail(): Failed ...', 'D:\\xamp\\htdocs\\...', 1735)
#1 D:\xamp\htdocs\procurementwebsite\procurementwebsite\system\Email\Email.php(1735): mail('markbrvaldez@gm...', '=?UTF-8?Q?Passw...', 'Your OTP code i...', 'Date: Wed, 7 Ju...', '-f dswdcmd@gmai...')
#2 D:\xamp\htdocs\procurementwebsite\procurementwebsite\system\Email\Email.php(1667): CodeIgniter\Email\Email->sendWithMail()
#3 D:\xamp\htdocs\procurementwebsite\procurementwebsite\system\Email\Email.php(1565): CodeIgniter\Email\Email->spoolEmail()
#4 D:\xamp\htdocs\procurementwebsite\procurementwebsite\app\Controllers\Auth.php(240): CodeIgniter\Email\Email->send()
#5 D:\xamp\htdocs\procurementwebsite\procurementwebsite\system\CodeIgniter.php(934): App\Controllers\Auth->sendResetPasswordEmail()
#6 D:\xamp\htdocs\procurementwebsite\procurementwebsite\system\CodeIgniter.php(499): CodeIgniter\CodeIgniter->runController(Object(App\Controllers\Auth))
#7 D:\xamp\htdocs\procurementwebsite\procurementwebsite\system\CodeIgniter.php(368): CodeIgniter\CodeIgniter->handleRequest(NULL, Object(Config\Cache), false)
#8 D:\xamp\htdocs\procurementwebsite\procurementwebsite\public\index.php(67): CodeIgniter\CodeIgniter->run()
#9 D:\xamp\htdocs\procurementwebsite\procurementwebsite\system\Commands\Server\rewrite.php(47): require_once('D:\\xamp\\htdocs\\...')
#10 {main}
ERROR - 2023-06-07 11:09:16 --> Email: Unable to send email using PHP mail(). Your server might not be configured to send mail using this method.
ERROR - 2023-06-07 11:09:16 --> 
INFO - 2023-06-07 11:09:32 --> Session: Class initialized using 'CodeIgniter\Session\Handlers\FileHandler' driver.
INFO - 2023-06-07 11:09:39 --> Session: Class initialized using 'CodeIgniter\Session\Handlers\FileHandler' driver.
INFO - 2023-06-07 11:09:41 --> Session: Class initialized using 'CodeIgniter\Session\Handlers\FileHandler' driver.
INFO - 2023-06-07 11:09:44 --> Session: Class initialized using 'CodeIgniter\Session\Handlers\FileHandler' driver.
ERROR - 2023-06-07 11:09:46 --> Email: sendWithMail throwed ErrorException: mail(): Failed to connect to mailserver at &quot;localhost&quot; port 25, verify your &quot;SMTP&quot; and &quot;smtp_port&quot; setting in php.ini or use ini_set() in D:\xamp\htdocs\procurementwebsite\procurementwebsite\system\Email\Email.php:1735
Stack trace:
#0 [internal function]: CodeIgniter\Debug\Exceptions->errorHandler(2, 'mail(): Failed ...', 'D:\\xamp\\htdocs\\...', 1735)
#1 D:\xamp\htdocs\procurementwebsite\procurementwebsite\system\Email\Email.php(1735): mail('markbrvaldez@gm...', '=?UTF-8?Q?Passw...', 'Your OTP code i...', 'Date: Wed, 7 Ju...', '-f dswdcmd@gmai...')
#2 D:\xamp\htdocs\procurementwebsite\procurementwebsite\system\Email\Email.php(1667): CodeIgniter\Email\Email->sendWithMail()
#3 D:\xamp\htdocs\procurementwebsite\procurementwebsite\system\Email\Email.php(1565): CodeIgniter\Email\Email->spoolEmail()
#4 D:\xamp\htdocs\procurementwebsite\procurementwebsite\app\Controllers\Auth.php(240): CodeIgniter\Email\Email->send()
#5 D:\xamp\htdocs\procurementwebsite\procurementwebsite\system\CodeIgniter.php(934): App\Controllers\Auth->sendResetPasswordEmail()
#6 D:\xamp\htdocs\procurementwebsite\procurementwebsite\system\CodeIgniter.php(499): CodeIgniter\CodeIgniter->runController(Object(App\Controllers\Auth))
#7 D:\xamp\htdocs\procurementwebsite\procurementwebsite\system\CodeIgniter.php(368): CodeIgniter\CodeIgniter->handleRequest(NULL, Object(Config\Cache), false)
#8 D:\xamp\htdocs\procurementwebsite\procurementwebsite\public\index.php(67): CodeIgniter\CodeIgniter->run()
#9 D:\xamp\htdocs\procurementwebsite\procurementwebsite\system\Commands\Server\rewrite.php(47): require_once('D:\\xamp\\htdocs\\...')
#10 {main}
ERROR - 2023-06-07 11:09:46 --> Email: Unable to send email using PHP mail(). Your server might not be configured to send mail using this method.
ERROR - 2023-06-07 11:09:46 --> 
INFO - 2023-06-07 11:09:46 --> Session: Class initialized using 'CodeIgniter\Session\Handlers\FileHandler' driver.
INFO - 2023-06-07 11:09:48 --> Session: Class initialized using 'CodeIgniter\Session\Handlers\FileHandler' driver.
