ERROR - 2023-04-29 14:11:04 --> Error connecting to the database: mysqli_sql_exception: No connection could be made because the target machine actively refused it in D:\xamp\htdocs\procurementwebsite\procurementwebsite\system\Database\MySQLi\Connection.php:173
Stack trace:
#0 D:\xamp\htdocs\procurementwebsite\procurementwebsite\system\Database\MySQLi\Connection.php(173): mysqli->real_connect('localhost', 'root', Object(SensitiveParameterValue), 'dswddatabase', 3306, '', 0)
#1 D:\xamp\htdocs\procurementwebsite\procurementwebsite\system\Database\BaseConnection.php(391): CodeIgniter\Database\MySQLi\Connection->connect(false)
#2 D:\xamp\htdocs\procurementwebsite\procurementwebsite\system\Database\BaseConnection.php(573): CodeIgniter\Database\BaseConnection->initialize()
#3 D:\xamp\htdocs\procurementwebsite\procurementwebsite\system\Database\BaseBuilder.php(1616): CodeIgniter\Database\BaseConnection->query('SELECT 1\nFROM `...', Array, false)
#4 D:\xamp\htdocs\procurementwebsite\procurementwebsite\system\Validation\StrictRules\Rules.php(206): CodeIgniter\Database\BaseBuilder->get()
#5 D:\xamp\htdocs\procurementwebsite\procurementwebsite\system\Validation\Validation.php(312): CodeIgniter\Validation\StrictRules\Rules->is_unique('markbrvaldez@gm...', 'email', Array, NULL, 'email')
#6 D:\xamp\htdocs\procurementwebsite\procurementwebsite\system\Validation\Validation.php(170): CodeIgniter\Validation\Validation->processRules('email', 'email', 'markbrvaldez@gm...', Array, Array)
#7 D:\xamp\htdocs\procurementwebsite\procurementwebsite\system\Controller.php(140): CodeIgniter\Validation\Validation->run()
#8 D:\xamp\htdocs\procurementwebsite\procurementwebsite\app\Controllers\Auth.php(37): CodeIgniter\Controller->validate(Array)
#9 D:\xamp\htdocs\procurementwebsite\procurementwebsite\system\CodeIgniter.php(934): App\Controllers\Auth->submitRegister()
#10 D:\xamp\htdocs\procurementwebsite\procurementwebsite\system\CodeIgniter.php(499): CodeIgniter\CodeIgniter->runController(Object(App\Controllers\Auth))
#11 D:\xamp\htdocs\procurementwebsite\procurementwebsite\system\CodeIgniter.php(368): CodeIgniter\CodeIgniter->handleRequest(NULL, Object(Config\Cache), false)
#12 D:\xamp\htdocs\procurementwebsite\procurementwebsite\public\index.php(67): CodeIgniter\CodeIgniter->run()
#13 D:\xamp\htdocs\procurementwebsite\procurementwebsite\system\Commands\Server\rewrite.php(47): require_once('D:\\xamp\\htdocs\\...')
#14 {main}

Next CodeIgniter\Database\Exceptions\DatabaseException: No connection could be made because the target machine actively refused it in D:\xamp\htdocs\procurementwebsite\procurementwebsite\system\Database\MySQLi\Connection.php:218
Stack trace:
#0 D:\xamp\htdocs\procurementwebsite\procurementwebsite\system\Database\BaseConnection.php(391): CodeIgniter\Database\MySQLi\Connection->connect(false)
#1 D:\xamp\htdocs\procurementwebsite\procurementwebsite\system\Database\BaseConnection.php(573): CodeIgniter\Database\BaseConnection->initialize()
#2 D:\xamp\htdocs\procurementwebsite\procurementwebsite\system\Database\BaseBuilder.php(1616): CodeIgniter\Database\BaseConnection->query('SELECT 1\nFROM `...', Array, false)
#3 D:\xamp\htdocs\procurementwebsite\procurementwebsite\system\Validation\StrictRules\Rules.php(206): CodeIgniter\Database\BaseBuilder->get()
#4 D:\xamp\htdocs\procurementwebsite\procurementwebsite\system\Validation\Validation.php(312): CodeIgniter\Validation\StrictRules\Rules->is_unique('markbrvaldez@gm...', 'email', Array, NULL, 'email')
#5 D:\xamp\htdocs\procurementwebsite\procurementwebsite\system\Validation\Validation.php(170): CodeIgniter\Validation\Validation->processRules('email', 'email', 'markbrvaldez@gm...', Array, Array)
#6 D:\xamp\htdocs\procurementwebsite\procurementwebsite\system\Controller.php(140): CodeIgniter\Validation\Validation->run()
#7 D:\xamp\htdocs\procurementwebsite\procurementwebsite\app\Controllers\Auth.php(37): CodeIgniter\Controller->validate(Array)
#8 D:\xamp\htdocs\procurementwebsite\procurementwebsite\system\CodeIgniter.php(934): App\Controllers\Auth->submitRegister()
#9 D:\xamp\htdocs\procurementwebsite\procurementwebsite\system\CodeIgniter.php(499): CodeIgniter\CodeIgniter->runController(Object(App\Controllers\Auth))
#10 D:\xamp\htdocs\procurementwebsite\procurementwebsite\system\CodeIgniter.php(368): CodeIgniter\CodeIgniter->handleRequest(NULL, Object(Config\Cache), false)
#11 D:\xamp\htdocs\procurementwebsite\procurementwebsite\public\index.php(67): CodeIgniter\CodeIgniter->run()
#12 D:\xamp\htdocs\procurementwebsite\procurementwebsite\system\Commands\Server\rewrite.php(47): require_once('D:\\xamp\\htdocs\\...')
#13 {main}
CRITICAL - 2023-04-29 14:11:04 --> Unable to connect to the database.
Main connection [MySQLi]: No connection could be made because the target machine actively refused it
in SYSTEMPATH\Database\BaseConnection.php on line 427.
 1 SYSTEMPATH\Database\BaseConnection.php(573): CodeIgniter\Database\BaseConnection->initialize()
 2 SYSTEMPATH\Database\BaseBuilder.php(1616): CodeIgniter\Database\BaseConnection->query('SELECT 1
FROM `users`
WHERE `email` = :email:
 LIMIT 1', [...], false)
 3 SYSTEMPATH\Validation\StrictRules\Rules.php(206): CodeIgniter\Database\BaseBuilder->get()
 4 SYSTEMPATH\Validation\Validation.php(312): CodeIgniter\Validation\StrictRules\Rules->is_unique('markbrvaldez@gmail.com', 'email', [...], null, 'email')
 5 SYSTEMPATH\Validation\Validation.php(170): CodeIgniter\Validation\Validation->processRules('email', 'email', 'markbrvaldez@gmail.com', [...], [...])
 6 SYSTEMPATH\Controller.php(140): CodeIgniter\Validation\Validation->run()
 7 APPPATH\Controllers\Auth.php(37): CodeIgniter\Controller->validate([...])
 8 SYSTEMPATH\CodeIgniter.php(934): App\Controllers\Auth->submitRegister()
 9 SYSTEMPATH\CodeIgniter.php(499): CodeIgniter\CodeIgniter->runController(Object(App\Controllers\Auth))
10 SYSTEMPATH\CodeIgniter.php(368): CodeIgniter\CodeIgniter->handleRequest(null, Object(Config\Cache), false)
11 FCPATH\index.php(67): CodeIgniter\CodeIgniter->run()
12 SYSTEMPATH\Commands\Server\rewrite.php(47): require_once('D:\\xamp\\htdocs\\procurementwebsite\\procurementwebsite\\public\\index.php')
CRITICAL - 2023-04-29 14:11:28 --> "min_length " is not a valid rule.
in SYSTEMPATH\Validation\Validation.php on line 320.
 1 SYSTEMPATH\Validation\Validation.php(320): CodeIgniter\Validation\Exceptions\ValidationException::forRuleNotFound('min_length ')
 2 SYSTEMPATH\Validation\Validation.php(170): CodeIgniter\Validation\Validation->processRules('password', 'password', 'a', [...], [...])
 3 SYSTEMPATH\Controller.php(140): CodeIgniter\Validation\Validation->run()
 4 APPPATH\Controllers\Auth.php(37): CodeIgniter\Controller->validate([...])
 5 SYSTEMPATH\CodeIgniter.php(934): App\Controllers\Auth->submitRegister()
 6 SYSTEMPATH\CodeIgniter.php(499): CodeIgniter\CodeIgniter->runController(Object(App\Controllers\Auth))
 7 SYSTEMPATH\CodeIgniter.php(368): CodeIgniter\CodeIgniter->handleRequest(null, Object(Config\Cache), false)
 8 FCPATH\index.php(67): CodeIgniter\CodeIgniter->run()
 9 SYSTEMPATH\Commands\Server\rewrite.php(47): require_once('D:\\xamp\\htdocs\\procurementwebsite\\procurementwebsite\\public\\index.php')
CRITICAL - 2023-04-29 14:11:43 --> "min_length " is not a valid rule.
in SYSTEMPATH\Validation\Validation.php on line 320.
 1 SYSTEMPATH\Validation\Validation.php(320): CodeIgniter\Validation\Exceptions\ValidationException::forRuleNotFound('min_length ')
 2 SYSTEMPATH\Validation\Validation.php(170): CodeIgniter\Validation\Validation->processRules('password', 'password', 'a', [...], [...])
 3 SYSTEMPATH\Controller.php(140): CodeIgniter\Validation\Validation->run()
 4 APPPATH\Controllers\Auth.php(37): CodeIgniter\Controller->validate([...])
 5 SYSTEMPATH\CodeIgniter.php(934): App\Controllers\Auth->submitRegister()
 6 SYSTEMPATH\CodeIgniter.php(499): CodeIgniter\CodeIgniter->runController(Object(App\Controllers\Auth))
 7 SYSTEMPATH\CodeIgniter.php(368): CodeIgniter\CodeIgniter->handleRequest(null, Object(Config\Cache), false)
 8 FCPATH\index.php(67): CodeIgniter\CodeIgniter->run()
 9 SYSTEMPATH\Commands\Server\rewrite.php(47): require_once('D:\\xamp\\htdocs\\procurementwebsite\\procurementwebsite\\public\\index.php')
CRITICAL - 2023-04-29 14:12:02 --> "min_length " is not a valid rule.
in SYSTEMPATH\Validation\Validation.php on line 320.
 1 SYSTEMPATH\Validation\Validation.php(320): CodeIgniter\Validation\Exceptions\ValidationException::forRuleNotFound('min_length ')
 2 SYSTEMPATH\Validation\Validation.php(170): CodeIgniter\Validation\Validation->processRules('password', 'password', 'a', [...], [...])
 3 SYSTEMPATH\Controller.php(140): CodeIgniter\Validation\Validation->run()
 4 APPPATH\Controllers\Auth.php(37): CodeIgniter\Controller->validate([...])
 5 SYSTEMPATH\CodeIgniter.php(934): App\Controllers\Auth->submitRegister()
 6 SYSTEMPATH\CodeIgniter.php(499): CodeIgniter\CodeIgniter->runController(Object(App\Controllers\Auth))
 7 SYSTEMPATH\CodeIgniter.php(368): CodeIgniter\CodeIgniter->handleRequest(null, Object(Config\Cache), false)
 8 FCPATH\index.php(67): CodeIgniter\CodeIgniter->run()
 9 SYSTEMPATH\Commands\Server\rewrite.php(47): require_once('D:\\xamp\\htdocs\\procurementwebsite\\procurementwebsite\\public\\index.php')
CRITICAL - 2023-04-29 14:12:11 --> "min_length " is not a valid rule.
in SYSTEMPATH\Validation\Validation.php on line 320.
 1 SYSTEMPATH\Validation\Validation.php(320): CodeIgniter\Validation\Exceptions\ValidationException::forRuleNotFound('min_length ')
 2 SYSTEMPATH\Validation\Validation.php(170): CodeIgniter\Validation\Validation->processRules('password', 'password', 'dad', [...], [...])
 3 SYSTEMPATH\Controller.php(140): CodeIgniter\Validation\Validation->run()
 4 APPPATH\Controllers\Auth.php(37): CodeIgniter\Controller->validate([...])
 5 SYSTEMPATH\CodeIgniter.php(934): App\Controllers\Auth->submitRegister()
 6 SYSTEMPATH\CodeIgniter.php(499): CodeIgniter\CodeIgniter->runController(Object(App\Controllers\Auth))
 7 SYSTEMPATH\CodeIgniter.php(368): CodeIgniter\CodeIgniter->handleRequest(null, Object(Config\Cache), false)
 8 FCPATH\index.php(67): CodeIgniter\CodeIgniter->run()
 9 SYSTEMPATH\Commands\Server\rewrite.php(47): require_once('D:\\xamp\\htdocs\\procurementwebsite\\procurementwebsite\\public\\index.php')
CRITICAL - 2023-04-29 14:15:24 --> "min_length " is not a valid rule.
in SYSTEMPATH\Validation\Validation.php on line 320.
 1 SYSTEMPATH\Validation\Validation.php(320): CodeIgniter\Validation\Exceptions\ValidationException::forRuleNotFound('min_length ')
 2 SYSTEMPATH\Validation\Validation.php(170): CodeIgniter\Validation\Validation->processRules('password', 'password', 'dad', [...], [...])
 3 SYSTEMPATH\Controller.php(140): CodeIgniter\Validation\Validation->run()
 4 APPPATH\Controllers\Auth.php(37): CodeIgniter\Controller->validate([...])
 5 SYSTEMPATH\CodeIgniter.php(934): App\Controllers\Auth->submitRegister()
 6 SYSTEMPATH\CodeIgniter.php(499): CodeIgniter\CodeIgniter->runController(Object(App\Controllers\Auth))
 7 SYSTEMPATH\CodeIgniter.php(368): CodeIgniter\CodeIgniter->handleRequest(null, Object(Config\Cache), false)
 8 FCPATH\index.php(67): CodeIgniter\CodeIgniter->run()
 9 SYSTEMPATH\Commands\Server\rewrite.php(47): require_once('D:\\xamp\\htdocs\\procurementwebsite\\procurementwebsite\\public\\index.php')
CRITICAL - 2023-04-29 14:15:32 --> "min_length " is not a valid rule.
in SYSTEMPATH\Validation\Validation.php on line 320.
 1 SYSTEMPATH\Validation\Validation.php(320): CodeIgniter\Validation\Exceptions\ValidationException::forRuleNotFound('min_length ')
 2 SYSTEMPATH\Validation\Validation.php(170): CodeIgniter\Validation\Validation->processRules('password', 'password', 'dad', [...], [...])
 3 SYSTEMPATH\Controller.php(140): CodeIgniter\Validation\Validation->run()
 4 APPPATH\Controllers\Auth.php(37): CodeIgniter\Controller->validate([...])
 5 SYSTEMPATH\CodeIgniter.php(934): App\Controllers\Auth->submitRegister()
 6 SYSTEMPATH\CodeIgniter.php(499): CodeIgniter\CodeIgniter->runController(Object(App\Controllers\Auth))
 7 SYSTEMPATH\CodeIgniter.php(368): CodeIgniter\CodeIgniter->handleRequest(null, Object(Config\Cache), false)
 8 FCPATH\index.php(67): CodeIgniter\CodeIgniter->run()
 9 SYSTEMPATH\Commands\Server\rewrite.php(47): require_once('D:\\xamp\\htdocs\\procurementwebsite\\procurementwebsite\\public\\index.php')
CRITICAL - 2023-04-29 14:16:00 --> "min_length " is not a valid rule.
in SYSTEMPATH\Validation\Validation.php on line 320.
 1 SYSTEMPATH\Validation\Validation.php(320): CodeIgniter\Validation\Exceptions\ValidationException::forRuleNotFound('min_length ')
 2 SYSTEMPATH\Validation\Validation.php(170): CodeIgniter\Validation\Validation->processRules('password', 'password', 'dad', [...], [...])
 3 SYSTEMPATH\Controller.php(140): CodeIgniter\Validation\Validation->run()
 4 APPPATH\Controllers\Auth.php(31): CodeIgniter\Controller->validate([...])
 5 SYSTEMPATH\CodeIgniter.php(934): App\Controllers\Auth->submitRegister()
 6 SYSTEMPATH\CodeIgniter.php(499): CodeIgniter\CodeIgniter->runController(Object(App\Controllers\Auth))
 7 SYSTEMPATH\CodeIgniter.php(368): CodeIgniter\CodeIgniter->handleRequest(null, Object(Config\Cache), false)
 8 FCPATH\index.php(67): CodeIgniter\CodeIgniter->run()
 9 SYSTEMPATH\Commands\Server\rewrite.php(47): require_once('D:\\xamp\\htdocs\\procurementwebsite\\procurementwebsite\\public\\index.php')
CRITICAL - 2023-04-29 14:18:52 --> "min_length " is not a valid rule.
in SYSTEMPATH\Validation\Validation.php on line 320.
 1 SYSTEMPATH\Validation\Validation.php(320): CodeIgniter\Validation\Exceptions\ValidationException::forRuleNotFound('min_length ')
 2 SYSTEMPATH\Validation\Validation.php(170): CodeIgniter\Validation\Validation->processRules('password', 'password', 'dad', [...], [...])
 3 SYSTEMPATH\Controller.php(140): CodeIgniter\Validation\Validation->run()
 4 APPPATH\Controllers\Auth.php(37): CodeIgniter\Controller->validate([...])
 5 SYSTEMPATH\CodeIgniter.php(934): App\Controllers\Auth->submitRegister()
 6 SYSTEMPATH\CodeIgniter.php(499): CodeIgniter\CodeIgniter->runController(Object(App\Controllers\Auth))
 7 SYSTEMPATH\CodeIgniter.php(368): CodeIgniter\CodeIgniter->handleRequest(null, Object(Config\Cache), false)
 8 FCPATH\index.php(67): CodeIgniter\CodeIgniter->run()
 9 SYSTEMPATH\Commands\Server\rewrite.php(47): require_once('D:\\xamp\\htdocs\\procurementwebsite\\procurementwebsite\\public\\index.php')
CRITICAL - 2023-04-29 14:19:06 --> "min_length " is not a valid rule.
in SYSTEMPATH\Validation\Validation.php on line 320.
 1 SYSTEMPATH\Validation\Validation.php(320): CodeIgniter\Validation\Exceptions\ValidationException::forRuleNotFound('min_length ')
 2 SYSTEMPATH\Validation\Validation.php(170): CodeIgniter\Validation\Validation->processRules('password', 'password', 'dadadadadsdadasda', [...], [...])
 3 SYSTEMPATH\Controller.php(140): CodeIgniter\Validation\Validation->run()
 4 APPPATH\Controllers\Auth.php(37): CodeIgniter\Controller->validate([...])
 5 SYSTEMPATH\CodeIgniter.php(934): App\Controllers\Auth->submitRegister()
 6 SYSTEMPATH\CodeIgniter.php(499): CodeIgniter\CodeIgniter->runController(Object(App\Controllers\Auth))
 7 SYSTEMPATH\CodeIgniter.php(368): CodeIgniter\CodeIgniter->handleRequest(null, Object(Config\Cache), false)
 8 FCPATH\index.php(67): CodeIgniter\CodeIgniter->run()
 9 SYSTEMPATH\Commands\Server\rewrite.php(47): require_once('D:\\xamp\\htdocs\\procurementwebsite\\procurementwebsite\\public\\index.php')
CRITICAL - 2023-04-29 14:23:04 --> "min_length " is not a valid rule.
in SYSTEMPATH\Validation\Validation.php on line 320.
 1 SYSTEMPATH\Validation\Validation.php(320): CodeIgniter\Validation\Exceptions\ValidationException::forRuleNotFound('min_length ')
 2 SYSTEMPATH\Validation\Validation.php(170): CodeIgniter\Validation\Validation->processRules('password', 'password', 'dad', [...], [...])
 3 SYSTEMPATH\Controller.php(140): CodeIgniter\Validation\Validation->run()
 4 APPPATH\Controllers\Auth.php(37): CodeIgniter\Controller->validate([...])
 5 SYSTEMPATH\CodeIgniter.php(934): App\Controllers\Auth->submitRegister()
 6 SYSTEMPATH\CodeIgniter.php(499): CodeIgniter\CodeIgniter->runController(Object(App\Controllers\Auth))
 7 SYSTEMPATH\CodeIgniter.php(368): CodeIgniter\CodeIgniter->handleRequest(null, Object(Config\Cache), false)
 8 FCPATH\index.php(67): CodeIgniter\CodeIgniter->run()
 9 SYSTEMPATH\Commands\Server\rewrite.php(47): require_once('D:\\xamp\\htdocs\\procurementwebsite\\procurementwebsite\\public\\index.php')
INFO - 2023-04-29 14:43:58 --> Session: Class initialized using 'CodeIgniter\Session\Handlers\FileHandler' driver.
INFO - 2023-04-29 14:49:02 --> Session: Class initialized using 'CodeIgniter\Session\Handlers\FileHandler' driver.
INFO - 2023-04-29 14:49:03 --> Session: Class initialized using 'CodeIgniter\Session\Handlers\FileHandler' driver.
INFO - 2023-04-29 14:49:09 --> Session: Class initialized using 'CodeIgniter\Session\Handlers\FileHandler' driver.
ERROR - 2023-04-29 14:49:28 --> mysqli_sql_exception: Duplicate entry '0' for key 'PRIMARY' in D:\xamp\htdocs\procurementwebsite\procurementwebsite\system\Database\MySQLi\Connection.php:295
Stack trace:
#0 D:\xamp\htdocs\procurementwebsite\procurementwebsite\system\Database\MySQLi\Connection.php(295): mysqli->query('INSERT INTO `us...', 0)
#1 D:\xamp\htdocs\procurementwebsite\procurementwebsite\system\Database\BaseConnection.php(691): CodeIgniter\Database\MySQLi\Connection->execute('INSERT INTO `us...')
#2 D:\xamp\htdocs\procurementwebsite\procurementwebsite\system\Database\BaseConnection.php(605): CodeIgniter\Database\BaseConnection->simpleQuery('INSERT INTO `us...')
#3 D:\xamp\htdocs\procurementwebsite\procurementwebsite\system\Database\BaseBuilder.php(2309): CodeIgniter\Database\BaseConnection->query('INSERT INTO `us...', Array, false)
#4 D:\xamp\htdocs\procurementwebsite\procurementwebsite\system\Model.php(330): CodeIgniter\Database\BaseBuilder->insert()
#5 D:\xamp\htdocs\procurementwebsite\procurementwebsite\system\BaseModel.php(782): CodeIgniter\Model->doInsert(Array)
#6 D:\xamp\htdocs\procurementwebsite\procurementwebsite\system\Model.php(730): CodeIgniter\BaseModel->insert(Array, true)
#7 D:\xamp\htdocs\procurementwebsite\procurementwebsite\app\Controllers\Auth.php(92): CodeIgniter\Model->insert(Array)
#8 D:\xamp\htdocs\procurementwebsite\procurementwebsite\system\CodeIgniter.php(934): App\Controllers\Auth->submitRegister()
#9 D:\xamp\htdocs\procurementwebsite\procurementwebsite\system\CodeIgniter.php(499): CodeIgniter\CodeIgniter->runController(Object(App\Controllers\Auth))
#10 D:\xamp\htdocs\procurementwebsite\procurementwebsite\system\CodeIgniter.php(368): CodeIgniter\CodeIgniter->handleRequest(NULL, Object(Config\Cache), false)
#11 D:\xamp\htdocs\procurementwebsite\procurementwebsite\public\index.php(67): CodeIgniter\CodeIgniter->run()
#12 D:\xamp\htdocs\procurementwebsite\procurementwebsite\system\Commands\Server\rewrite.php(47): require_once('D:\\xamp\\htdocs\\...')
#13 {main}
CRITICAL - 2023-04-29 14:49:28 --> Duplicate entry '0' for key 'PRIMARY'
in SYSTEMPATH\Database\MySQLi\Connection.php on line 295.
 1 SYSTEMPATH\Database\MySQLi\Connection.php(295): mysqli->query('INSERT INTO `users` (`name`, `email`, `password`) VALUES (\'jhon mark valdez\', \'valdez@gmail.com\', \'1234567890\')', 0)
 2 SYSTEMPATH\Database\BaseConnection.php(691): CodeIgniter\Database\MySQLi\Connection->execute('INSERT INTO `users` (`name`, `email`, `password`) VALUES (\'jhon mark valdez\', \'valdez@gmail.com\', \'1234567890\')')
 3 SYSTEMPATH\Database\BaseConnection.php(605): CodeIgniter\Database\BaseConnection->simpleQuery('INSERT INTO `users` (`name`, `email`, `password`) VALUES (\'jhon mark valdez\', \'valdez@gmail.com\', \'1234567890\')')
 4 SYSTEMPATH\Database\BaseBuilder.php(2309): CodeIgniter\Database\BaseConnection->query('INSERT INTO `users` (`name`, `email`, `password`) VALUES (:name:, :email:, :password:)', [...], false)
 5 SYSTEMPATH\Model.php(330): CodeIgniter\Database\BaseBuilder->insert()
 6 SYSTEMPATH\BaseModel.php(782): CodeIgniter\Model->doInsert([...])
 7 SYSTEMPATH\Model.php(730): CodeIgniter\BaseModel->insert([...], true)
 8 APPPATH\Controllers\Auth.php(92): CodeIgniter\Model->insert([...])
 9 SYSTEMPATH\CodeIgniter.php(934): App\Controllers\Auth->submitRegister()
10 SYSTEMPATH\CodeIgniter.php(499): CodeIgniter\CodeIgniter->runController(Object(App\Controllers\Auth))
11 SYSTEMPATH\CodeIgniter.php(368): CodeIgniter\CodeIgniter->handleRequest(null, Object(Config\Cache), false)
12 FCPATH\index.php(67): CodeIgniter\CodeIgniter->run()
13 SYSTEMPATH\Commands\Server\rewrite.php(47): require_once('D:\\xamp\\htdocs\\procurementwebsite\\procurementwebsite\\public\\index.php')
INFO - 2023-04-29 14:50:33 --> Session: Class initialized using 'CodeIgniter\Session\Handlers\FileHandler' driver.
INFO - 2023-04-29 14:50:39 --> Session: Class initialized using 'CodeIgniter\Session\Handlers\FileHandler' driver.
INFO - 2023-04-29 14:52:26 --> Session: Class initialized using 'CodeIgniter\Session\Handlers\FileHandler' driver.
INFO - 2023-04-29 14:52:30 --> Session: Class initialized using 'CodeIgniter\Session\Handlers\FileHandler' driver.
ERROR - 2023-04-29 14:53:00 --> mysqli_sql_exception: Duplicate entry '0' for key 'PRIMARY' in D:\xamp\htdocs\procurementwebsite\procurementwebsite\system\Database\MySQLi\Connection.php:295
Stack trace:
#0 D:\xamp\htdocs\procurementwebsite\procurementwebsite\system\Database\MySQLi\Connection.php(295): mysqli->query('INSERT INTO `us...', 0)
#1 D:\xamp\htdocs\procurementwebsite\procurementwebsite\system\Database\BaseConnection.php(691): CodeIgniter\Database\MySQLi\Connection->execute('INSERT INTO `us...')
#2 D:\xamp\htdocs\procurementwebsite\procurementwebsite\system\Database\BaseConnection.php(605): CodeIgniter\Database\BaseConnection->simpleQuery('INSERT INTO `us...')
#3 D:\xamp\htdocs\procurementwebsite\procurementwebsite\system\Database\BaseBuilder.php(2309): CodeIgniter\Database\BaseConnection->query('INSERT INTO `us...', Array, false)
#4 D:\xamp\htdocs\procurementwebsite\procurementwebsite\system\Model.php(330): CodeIgniter\Database\BaseBuilder->insert()
#5 D:\xamp\htdocs\procurementwebsite\procurementwebsite\system\BaseModel.php(782): CodeIgniter\Model->doInsert(Array)
#6 D:\xamp\htdocs\procurementwebsite\procurementwebsite\system\Model.php(730): CodeIgniter\BaseModel->insert(Array, true)
#7 D:\xamp\htdocs\procurementwebsite\procurementwebsite\app\Controllers\Auth.php(92): CodeIgniter\Model->insert(Array)
#8 D:\xamp\htdocs\procurementwebsite\procurementwebsite\system\CodeIgniter.php(934): App\Controllers\Auth->submitRegister()
#9 D:\xamp\htdocs\procurementwebsite\procurementwebsite\system\CodeIgniter.php(499): CodeIgniter\CodeIgniter->runController(Object(App\Controllers\Auth))
#10 D:\xamp\htdocs\procurementwebsite\procurementwebsite\system\CodeIgniter.php(368): CodeIgniter\CodeIgniter->handleRequest(NULL, Object(Config\Cache), false)
#11 D:\xamp\htdocs\procurementwebsite\procurementwebsite\public\index.php(67): CodeIgniter\CodeIgniter->run()
#12 D:\xamp\htdocs\procurementwebsite\procurementwebsite\system\Commands\Server\rewrite.php(47): require_once('D:\\xamp\\htdocs\\...')
#13 {main}
CRITICAL - 2023-04-29 14:53:00 --> Duplicate entry '0' for key 'PRIMARY'
in SYSTEMPATH\Database\MySQLi\Connection.php on line 295.
 1 SYSTEMPATH\Database\MySQLi\Connection.php(295): mysqli->query('INSERT INTO `users` (`name`, `email`, `password`) VALUES (\'jhon mark valdez\', \'email@gmail.com\', \'0123456789\')', 0)
 2 SYSTEMPATH\Database\BaseConnection.php(691): CodeIgniter\Database\MySQLi\Connection->execute('INSERT INTO `users` (`name`, `email`, `password`) VALUES (\'jhon mark valdez\', \'email@gmail.com\', \'0123456789\')')
 3 SYSTEMPATH\Database\BaseConnection.php(605): CodeIgniter\Database\BaseConnection->simpleQuery('INSERT INTO `users` (`name`, `email`, `password`) VALUES (\'jhon mark valdez\', \'email@gmail.com\', \'0123456789\')')
 4 SYSTEMPATH\Database\BaseBuilder.php(2309): CodeIgniter\Database\BaseConnection->query('INSERT INTO `users` (`name`, `email`, `password`) VALUES (:name:, :email:, :password:)', [...], false)
 5 SYSTEMPATH\Model.php(330): CodeIgniter\Database\BaseBuilder->insert()
 6 SYSTEMPATH\BaseModel.php(782): CodeIgniter\Model->doInsert([...])
 7 SYSTEMPATH\Model.php(730): CodeIgniter\BaseModel->insert([...], true)
 8 APPPATH\Controllers\Auth.php(92): CodeIgniter\Model->insert([...])
 9 SYSTEMPATH\CodeIgniter.php(934): App\Controllers\Auth->submitRegister()
10 SYSTEMPATH\CodeIgniter.php(499): CodeIgniter\CodeIgniter->runController(Object(App\Controllers\Auth))
11 SYSTEMPATH\CodeIgniter.php(368): CodeIgniter\CodeIgniter->handleRequest(null, Object(Config\Cache), false)
12 FCPATH\index.php(67): CodeIgniter\CodeIgniter->run()
13 SYSTEMPATH\Commands\Server\rewrite.php(47): require_once('D:\\xamp\\htdocs\\procurementwebsite\\procurementwebsite\\public\\index.php')
INFO - 2023-04-29 14:56:15 --> Session: Class initialized using 'CodeIgniter\Session\Handlers\FileHandler' driver.
INFO - 2023-04-29 14:56:17 --> Session: Class initialized using 'CodeIgniter\Session\Handlers\FileHandler' driver.
INFO - 2023-04-29 14:56:33 --> Session: Class initialized using 'CodeIgniter\Session\Handlers\FileHandler' driver.
INFO - 2023-04-29 14:56:33 --> Session: Class initialized using 'CodeIgniter\Session\Handlers\FileHandler' driver.
INFO - 2023-04-29 14:56:46 --> Session: Class initialized using 'CodeIgniter\Session\Handlers\FileHandler' driver.
INFO - 2023-04-29 14:57:46 --> Session: Class initialized using 'CodeIgniter\Session\Handlers\FileHandler' driver.
INFO - 2023-04-29 14:57:51 --> Session: Class initialized using 'CodeIgniter\Session\Handlers\FileHandler' driver.
INFO - 2023-04-29 14:57:52 --> Session: Class initialized using 'CodeIgniter\Session\Handlers\FileHandler' driver.
INFO - 2023-04-29 14:58:03 --> Session: Class initialized using 'CodeIgniter\Session\Handlers\FileHandler' driver.
INFO - 2023-04-29 14:58:15 --> Session: Class initialized using 'CodeIgniter\Session\Handlers\FileHandler' driver.
INFO - 2023-04-29 14:58:54 --> Session: Class initialized using 'CodeIgniter\Session\Handlers\FileHandler' driver.
INFO - 2023-04-29 14:59:04 --> Session: Class initialized using 'CodeIgniter\Session\Handlers\FileHandler' driver.
INFO - 2023-04-29 14:59:34 --> Session: Class initialized using 'CodeIgniter\Session\Handlers\FileHandler' driver.
INFO - 2023-04-29 14:59:46 --> Session: Class initialized using 'CodeIgniter\Session\Handlers\FileHandler' driver.
INFO - 2023-04-29 14:59:51 --> Session: Class initialized using 'CodeIgniter\Session\Handlers\FileHandler' driver.
INFO - 2023-04-29 15:02:00 --> Session: Class initialized using 'CodeIgniter\Session\Handlers\FileHandler' driver.
INFO - 2023-04-29 15:02:14 --> Session: Class initialized using 'CodeIgniter\Session\Handlers\FileHandler' driver.
INFO - 2023-04-29 15:05:00 --> Session: Class initialized using 'CodeIgniter\Session\Handlers\FileHandler' driver.
INFO - 2023-04-29 15:05:03 --> Session: Class initialized using 'CodeIgniter\Session\Handlers\FileHandler' driver.
INFO - 2023-04-29 15:05:13 --> Session: Class initialized using 'CodeIgniter\Session\Handlers\FileHandler' driver.
