INFO - 2023-05-10 00:01:47 --> Session: Class initialized using 'CodeIgniter\Session\Handlers\FileHandler' driver.
INFO - 2023-05-10 00:01:54 --> Session: Class initialized using 'CodeIgniter\Session\Handlers\FileHandler' driver.
INFO - 2023-05-10 00:01:54 --> Session: Class initialized using 'CodeIgniter\Session\Handlers\FileHandler' driver.
INFO - 2023-05-10 00:01:57 --> Session: Class initialized using 'CodeIgniter\Session\Handlers\FileHandler' driver.
INFO - 2023-05-10 00:02:06 --> Session: Class initialized using 'CodeIgniter\Session\Handlers\FileHandler' driver.
INFO - 2023-05-10 00:02:07 --> Session: Class initialized using 'CodeIgniter\Session\Handlers\FileHandler' driver.
INFO - 2023-05-10 00:04:29 --> Session: Class initialized using 'CodeIgniter\Session\Handlers\FileHandler' driver.
ERROR - 2023-05-10 00:04:45 --> Error connecting to the database: mysqli_sql_exception: No connection could be made because the target machine actively refused it in D:\xamp\htdocs\procurementwebsite-1\procurementwebsite\system\Database\MySQLi\Connection.php:173
Stack trace:
#0 D:\xamp\htdocs\procurementwebsite-1\procurementwebsite\system\Database\MySQLi\Connection.php(173): mysqli->real_connect('localhost', 'root', Object(SensitiveParameterValue), 'dswddatabase', 3306, '', 0)
#1 D:\xamp\htdocs\procurementwebsite-1\procurementwebsite\system\Database\BaseConnection.php(391): CodeIgniter\Database\MySQLi\Connection->connect(false)
#2 D:\xamp\htdocs\procurementwebsite-1\procurementwebsite\system\Database\BaseConnection.php(573): CodeIgniter\Database\BaseConnection->initialize()
#3 D:\xamp\htdocs\procurementwebsite-1\procurementwebsite\system\Database\BaseBuilder.php(1616): CodeIgniter\Database\BaseConnection->query('SELECT 1\nFROM `...', Array, false)
#4 D:\xamp\htdocs\procurementwebsite-1\procurementwebsite\system\Validation\StrictRules\Rules.php(147): CodeIgniter\Database\BaseBuilder->get()
#5 D:\xamp\htdocs\procurementwebsite-1\procurementwebsite\system\Validation\Validation.php(312): CodeIgniter\Validation\StrictRules\Rules->is_not_unique('sample@gmail.co...', 'email', Array, NULL, 'email')
#6 D:\xamp\htdocs\procurementwebsite-1\procurementwebsite\system\Validation\Validation.php(170): CodeIgniter\Validation\Validation->processRules('email', 'email', 'sample@gmail.co...', Array, Array)
#7 D:\xamp\htdocs\procurementwebsite-1\procurementwebsite\system\Controller.php(140): CodeIgniter\Validation\Validation->run()
#8 D:\xamp\htdocs\procurementwebsite-1\procurementwebsite\app\Controllers\Auth.php(117): CodeIgniter\Controller->validate(Array)
#9 D:\xamp\htdocs\procurementwebsite-1\procurementwebsite\system\CodeIgniter.php(934): App\Controllers\Auth->check()
#10 D:\xamp\htdocs\procurementwebsite-1\procurementwebsite\system\CodeIgniter.php(499): CodeIgniter\CodeIgniter->runController(Object(App\Controllers\Auth))
#11 D:\xamp\htdocs\procurementwebsite-1\procurementwebsite\system\CodeIgniter.php(368): CodeIgniter\CodeIgniter->handleRequest(NULL, Object(Config\Cache), false)
#12 D:\xamp\htdocs\procurementwebsite-1\procurementwebsite\public\index.php(67): CodeIgniter\CodeIgniter->run()
#13 D:\xamp\htdocs\procurementwebsite-1\procurementwebsite\system\Commands\Server\rewrite.php(47): require_once('D:\\xamp\\htdocs\\...')
#14 {main}

Next CodeIgniter\Database\Exceptions\DatabaseException: No connection could be made because the target machine actively refused it in D:\xamp\htdocs\procurementwebsite-1\procurementwebsite\system\Database\MySQLi\Connection.php:218
Stack trace:
#0 D:\xamp\htdocs\procurementwebsite-1\procurementwebsite\system\Database\BaseConnection.php(391): CodeIgniter\Database\MySQLi\Connection->connect(false)
#1 D:\xamp\htdocs\procurementwebsite-1\procurementwebsite\system\Database\BaseConnection.php(573): CodeIgniter\Database\BaseConnection->initialize()
#2 D:\xamp\htdocs\procurementwebsite-1\procurementwebsite\system\Database\BaseBuilder.php(1616): CodeIgniter\Database\BaseConnection->query('SELECT 1\nFROM `...', Array, false)
#3 D:\xamp\htdocs\procurementwebsite-1\procurementwebsite\system\Validation\StrictRules\Rules.php(147): CodeIgniter\Database\BaseBuilder->get()
#4 D:\xamp\htdocs\procurementwebsite-1\procurementwebsite\system\Validation\Validation.php(312): CodeIgniter\Validation\StrictRules\Rules->is_not_unique('sample@gmail.co...', 'email', Array, NULL, 'email')
#5 D:\xamp\htdocs\procurementwebsite-1\procurementwebsite\system\Validation\Validation.php(170): CodeIgniter\Validation\Validation->processRules('email', 'email', 'sample@gmail.co...', Array, Array)
#6 D:\xamp\htdocs\procurementwebsite-1\procurementwebsite\system\Controller.php(140): CodeIgniter\Validation\Validation->run()
#7 D:\xamp\htdocs\procurementwebsite-1\procurementwebsite\app\Controllers\Auth.php(117): CodeIgniter\Controller->validate(Array)
#8 D:\xamp\htdocs\procurementwebsite-1\procurementwebsite\system\CodeIgniter.php(934): App\Controllers\Auth->check()
#9 D:\xamp\htdocs\procurementwebsite-1\procurementwebsite\system\CodeIgniter.php(499): CodeIgniter\CodeIgniter->runController(Object(App\Controllers\Auth))
#10 D:\xamp\htdocs\procurementwebsite-1\procurementwebsite\system\CodeIgniter.php(368): CodeIgniter\CodeIgniter->handleRequest(NULL, Object(Config\Cache), false)
#11 D:\xamp\htdocs\procurementwebsite-1\procurementwebsite\public\index.php(67): CodeIgniter\CodeIgniter->run()
#12 D:\xamp\htdocs\procurementwebsite-1\procurementwebsite\system\Commands\Server\rewrite.php(47): require_once('D:\\xamp\\htdocs\\...')
#13 {main}
CRITICAL - 2023-05-10 00:04:45 --> Unable to connect to the database.
Main connection [MySQLi]: No connection could be made because the target machine actively refused it
in SYSTEMPATH\Database\BaseConnection.php on line 427.
 1 SYSTEMPATH\Database\BaseConnection.php(573): CodeIgniter\Database\BaseConnection->initialize()
 2 SYSTEMPATH\Database\BaseBuilder.php(1616): CodeIgniter\Database\BaseConnection->query('SELECT 1
FROM `users`
WHERE `email` = :email:
 LIMIT 1', [...], false)
 3 SYSTEMPATH\Validation\StrictRules\Rules.php(147): CodeIgniter\Database\BaseBuilder->get()
 4 SYSTEMPATH\Validation\Validation.php(312): CodeIgniter\Validation\StrictRules\Rules->is_not_unique('sample@gmail.com', 'email', [...], null, 'email')
 5 SYSTEMPATH\Validation\Validation.php(170): CodeIgniter\Validation\Validation->processRules('email', 'email', 'sample@gmail.com', [...], [...])
 6 SYSTEMPATH\Controller.php(140): CodeIgniter\Validation\Validation->run()
 7 APPPATH\Controllers\Auth.php(117): CodeIgniter\Controller->validate([...])
 8 SYSTEMPATH\CodeIgniter.php(934): App\Controllers\Auth->check()
 9 SYSTEMPATH\CodeIgniter.php(499): CodeIgniter\CodeIgniter->runController(Object(App\Controllers\Auth))
10 SYSTEMPATH\CodeIgniter.php(368): CodeIgniter\CodeIgniter->handleRequest(null, Object(Config\Cache), false)
11 FCPATH\index.php(67): CodeIgniter\CodeIgniter->run()
12 SYSTEMPATH\Commands\Server\rewrite.php(47): require_once('D:\\xamp\\htdocs\\procurementwebsite-1\\procurementwebsite\\public\\index.php')
INFO - 2023-05-10 00:04:56 --> Session: Class initialized using 'CodeIgniter\Session\Handlers\FileHandler' driver.
INFO - 2023-05-10 00:04:56 --> Session: Class initialized using 'CodeIgniter\Session\Handlers\FileHandler' driver.
INFO - 2023-05-10 00:06:33 --> Session: Class initialized using 'CodeIgniter\Session\Handlers\FileHandler' driver.
INFO - 2023-05-10 00:06:38 --> Session: Class initialized using 'CodeIgniter\Session\Handlers\FileHandler' driver.
INFO - 2023-05-10 00:06:40 --> Session: Class initialized using 'CodeIgniter\Session\Handlers\FileHandler' driver.
INFO - 2023-05-10 00:06:45 --> Session: Class initialized using 'CodeIgniter\Session\Handlers\FileHandler' driver.
INFO - 2023-05-10 00:06:48 --> Session: Class initialized using 'CodeIgniter\Session\Handlers\FileHandler' driver.
INFO - 2023-05-10 00:06:53 --> Session: Class initialized using 'CodeIgniter\Session\Handlers\FileHandler' driver.
INFO - 2023-05-10 00:08:51 --> Session: Class initialized using 'CodeIgniter\Session\Handlers\FileHandler' driver.
INFO - 2023-05-10 00:09:01 --> Session: Class initialized using 'CodeIgniter\Session\Handlers\FileHandler' driver.
INFO - 2023-05-10 00:12:20 --> Session: Class initialized using 'CodeIgniter\Session\Handlers\FileHandler' driver.
CRITICAL - 2023-05-10 00:12:20 --> Array to string conversion
in APPPATH\Views\components\admin\dashboard.php on line 27.
 1 APPPATH\Views\components\admin\dashboard.php(27): CodeIgniter\Debug\Exceptions->errorHandler(2, 'Array to string conversion', 'D:\\xamp\\htdocs\\procurementwebsite-1\\procurementwebsite\\app\\Views\\components\\admin\\dashboard.php', 27)
 2 SYSTEMPATH\View\View.php(213): include('D:\\xamp\\htdocs\\procurementwebsite-1\\procurementwebsite\\app\\Views\\components\\admin\\dashboard.php')
 3 SYSTEMPATH\View\View.php(216): CodeIgniter\View\View->CodeIgniter\View\{closure}()
 4 SYSTEMPATH\Common.php(1184): CodeIgniter\View\View->render('components/admin/dashboard', [], true)
 5 APPPATH\Controllers\Admin.php(30): view('components/admin/dashboard', [...])
 6 SYSTEMPATH\CodeIgniter.php(934): App\Controllers\Admin->index()
 7 SYSTEMPATH\CodeIgniter.php(499): CodeIgniter\CodeIgniter->runController(Object(App\Controllers\Admin))
 8 SYSTEMPATH\CodeIgniter.php(368): CodeIgniter\CodeIgniter->handleRequest(null, Object(Config\Cache), false)
 9 FCPATH\index.php(67): CodeIgniter\CodeIgniter->run()
10 SYSTEMPATH\Commands\Server\rewrite.php(47): require_once('D:\\xamp\\htdocs\\procurementwebsite-1\\procurementwebsite\\public\\index.php')
INFO - 2023-05-10 00:12:30 --> Session: Class initialized using 'CodeIgniter\Session\Handlers\FileHandler' driver.
CRITICAL - 2023-05-10 00:12:30 --> Undefined variable $productdata
in APPPATH\Views\components\admin\dashboard.php on line 27.
 1 APPPATH\Views\components\admin\dashboard.php(27): CodeIgniter\Debug\Exceptions->errorHandler(2, 'Undefined variable $productdata', 'D:\\xamp\\htdocs\\procurementwebsite-1\\procurementwebsite\\app\\Views\\components\\admin\\dashboard.php', 27)
 2 SYSTEMPATH\View\View.php(213): include('D:\\xamp\\htdocs\\procurementwebsite-1\\procurementwebsite\\app\\Views\\components\\admin\\dashboard.php')
 3 SYSTEMPATH\View\View.php(216): CodeIgniter\View\View->CodeIgniter\View\{closure}()
 4 SYSTEMPATH\Common.php(1184): CodeIgniter\View\View->render('components/admin/dashboard', [], true)
 5 APPPATH\Controllers\Admin.php(30): view('components/admin/dashboard', [...])
 6 SYSTEMPATH\CodeIgniter.php(934): App\Controllers\Admin->index()
 7 SYSTEMPATH\CodeIgniter.php(499): CodeIgniter\CodeIgniter->runController(Object(App\Controllers\Admin))
 8 SYSTEMPATH\CodeIgniter.php(368): CodeIgniter\CodeIgniter->handleRequest(null, Object(Config\Cache), false)
 9 FCPATH\index.php(67): CodeIgniter\CodeIgniter->run()
10 SYSTEMPATH\Commands\Server\rewrite.php(47): require_once('D:\\xamp\\htdocs\\procurementwebsite-1\\procurementwebsite\\public\\index.php')
INFO - 2023-05-10 00:12:34 --> Session: Class initialized using 'CodeIgniter\Session\Handlers\FileHandler' driver.
CRITICAL - 2023-05-10 00:12:34 --> Array to string conversion
in APPPATH\Views\components\admin\dashboard.php on line 27.
 1 APPPATH\Views\components\admin\dashboard.php(27): CodeIgniter\Debug\Exceptions->errorHandler(2, 'Array to string conversion', 'D:\\xamp\\htdocs\\procurementwebsite-1\\procurementwebsite\\app\\Views\\components\\admin\\dashboard.php', 27)
 2 SYSTEMPATH\View\View.php(213): include('D:\\xamp\\htdocs\\procurementwebsite-1\\procurementwebsite\\app\\Views\\components\\admin\\dashboard.php')
 3 SYSTEMPATH\View\View.php(216): CodeIgniter\View\View->CodeIgniter\View\{closure}()
 4 SYSTEMPATH\Common.php(1184): CodeIgniter\View\View->render('components/admin/dashboard', [], true)
 5 APPPATH\Controllers\Admin.php(30): view('components/admin/dashboard', [...])
 6 SYSTEMPATH\CodeIgniter.php(934): App\Controllers\Admin->index()
 7 SYSTEMPATH\CodeIgniter.php(499): CodeIgniter\CodeIgniter->runController(Object(App\Controllers\Admin))
 8 SYSTEMPATH\CodeIgniter.php(368): CodeIgniter\CodeIgniter->handleRequest(null, Object(Config\Cache), false)
 9 FCPATH\index.php(67): CodeIgniter\CodeIgniter->run()
10 SYSTEMPATH\Commands\Server\rewrite.php(47): require_once('D:\\xamp\\htdocs\\procurementwebsite-1\\procurementwebsite\\public\\index.php')
INFO - 2023-05-10 00:15:21 --> Session: Class initialized using 'CodeIgniter\Session\Handlers\FileHandler' driver.
CRITICAL - 2023-05-10 00:15:21 --> Undefined variable $producttb
in APPPATH\Views\components\admin\dashboard.php on line 27.
 1 APPPATH\Views\components\admin\dashboard.php(27): CodeIgniter\Debug\Exceptions->errorHandler(2, 'Undefined variable $producttb', 'D:\\xamp\\htdocs\\procurementwebsite-1\\procurementwebsite\\app\\Views\\components\\admin\\dashboard.php', 27)
 2 SYSTEMPATH\View\View.php(213): include('D:\\xamp\\htdocs\\procurementwebsite-1\\procurementwebsite\\app\\Views\\components\\admin\\dashboard.php')
 3 SYSTEMPATH\View\View.php(216): CodeIgniter\View\View->CodeIgniter\View\{closure}()
 4 SYSTEMPATH\Common.php(1184): CodeIgniter\View\View->render('components/admin/dashboard', [], true)
 5 APPPATH\Controllers\Admin.php(29): view('components/admin/dashboard', [...])
 6 SYSTEMPATH\CodeIgniter.php(934): App\Controllers\Admin->index()
 7 SYSTEMPATH\CodeIgniter.php(499): CodeIgniter\CodeIgniter->runController(Object(App\Controllers\Admin))
 8 SYSTEMPATH\CodeIgniter.php(368): CodeIgniter\CodeIgniter->handleRequest(null, Object(Config\Cache), false)
 9 FCPATH\index.php(67): CodeIgniter\CodeIgniter->run()
10 SYSTEMPATH\Commands\Server\rewrite.php(47): require_once('D:\\xamp\\htdocs\\procurementwebsite-1\\procurementwebsite\\public\\index.php')
INFO - 2023-05-10 00:15:30 --> Session: Class initialized using 'CodeIgniter\Session\Handlers\FileHandler' driver.
CRITICAL - 2023-05-10 00:15:31 --> Undefined variable $count
in APPPATH\Views\components\admin\dashboard.php on line 134.
 1 APPPATH\Views\components\admin\dashboard.php(134): CodeIgniter\Debug\Exceptions->errorHandler(2, 'Undefined variable $count', 'D:\\xamp\\htdocs\\procurementwebsite-1\\procurementwebsite\\app\\Views\\components\\admin\\dashboard.php', 134)
 2 SYSTEMPATH\View\View.php(213): include('D:\\xamp\\htdocs\\procurementwebsite-1\\procurementwebsite\\app\\Views\\components\\admin\\dashboard.php')
 3 SYSTEMPATH\View\View.php(216): CodeIgniter\View\View->CodeIgniter\View\{closure}()
 4 SYSTEMPATH\Common.php(1184): CodeIgniter\View\View->render('components/admin/dashboard', [], true)
 5 APPPATH\Controllers\Admin.php(29): view('components/admin/dashboard', [...])
 6 SYSTEMPATH\CodeIgniter.php(934): App\Controllers\Admin->index()
 7 SYSTEMPATH\CodeIgniter.php(499): CodeIgniter\CodeIgniter->runController(Object(App\Controllers\Admin))
 8 SYSTEMPATH\CodeIgniter.php(368): CodeIgniter\CodeIgniter->handleRequest(null, Object(Config\Cache), false)
 9 FCPATH\index.php(67): CodeIgniter\CodeIgniter->run()
10 SYSTEMPATH\Commands\Server\rewrite.php(47): require_once('D:\\xamp\\htdocs\\procurementwebsite-1\\procurementwebsite\\public\\index.php')
INFO - 2023-05-10 00:17:05 --> Session: Class initialized using 'CodeIgniter\Session\Handlers\FileHandler' driver.
CRITICAL - 2023-05-10 00:17:05 --> Undefined variable $count
in APPPATH\Views\components\admin\dashboard.php on line 134.
 1 APPPATH\Views\components\admin\dashboard.php(134): CodeIgniter\Debug\Exceptions->errorHandler(2, 'Undefined variable $count', 'D:\\xamp\\htdocs\\procurementwebsite-1\\procurementwebsite\\app\\Views\\components\\admin\\dashboard.php', 134)
 2 SYSTEMPATH\View\View.php(213): include('D:\\xamp\\htdocs\\procurementwebsite-1\\procurementwebsite\\app\\Views\\components\\admin\\dashboard.php')
 3 SYSTEMPATH\View\View.php(216): CodeIgniter\View\View->CodeIgniter\View\{closure}()
 4 SYSTEMPATH\Common.php(1184): CodeIgniter\View\View->render('components/admin/dashboard', [], true)
 5 APPPATH\Controllers\Admin.php(29): view('components/admin/dashboard', [...])
 6 SYSTEMPATH\CodeIgniter.php(934): App\Controllers\Admin->index()
 7 SYSTEMPATH\CodeIgniter.php(499): CodeIgniter\CodeIgniter->runController(Object(App\Controllers\Admin))
 8 SYSTEMPATH\CodeIgniter.php(368): CodeIgniter\CodeIgniter->handleRequest(null, Object(Config\Cache), false)
 9 FCPATH\index.php(67): CodeIgniter\CodeIgniter->run()
10 SYSTEMPATH\Commands\Server\rewrite.php(47): require_once('D:\\xamp\\htdocs\\procurementwebsite-1\\procurementwebsite\\public\\index.php')
INFO - 2023-05-10 00:17:06 --> Session: Class initialized using 'CodeIgniter\Session\Handlers\FileHandler' driver.
CRITICAL - 2023-05-10 00:17:06 --> Undefined variable $count
in APPPATH\Views\components\admin\dashboard.php on line 134.
 1 APPPATH\Views\components\admin\dashboard.php(134): CodeIgniter\Debug\Exceptions->errorHandler(2, 'Undefined variable $count', 'D:\\xamp\\htdocs\\procurementwebsite-1\\procurementwebsite\\app\\Views\\components\\admin\\dashboard.php', 134)
 2 SYSTEMPATH\View\View.php(213): include('D:\\xamp\\htdocs\\procurementwebsite-1\\procurementwebsite\\app\\Views\\components\\admin\\dashboard.php')
 3 SYSTEMPATH\View\View.php(216): CodeIgniter\View\View->CodeIgniter\View\{closure}()
 4 SYSTEMPATH\Common.php(1184): CodeIgniter\View\View->render('components/admin/dashboard', [], true)
 5 APPPATH\Controllers\Admin.php(29): view('components/admin/dashboard', [...])
 6 SYSTEMPATH\CodeIgniter.php(934): App\Controllers\Admin->index()
 7 SYSTEMPATH\CodeIgniter.php(499): CodeIgniter\CodeIgniter->runController(Object(App\Controllers\Admin))
 8 SYSTEMPATH\CodeIgniter.php(368): CodeIgniter\CodeIgniter->handleRequest(null, Object(Config\Cache), false)
 9 FCPATH\index.php(67): CodeIgniter\CodeIgniter->run()
10 SYSTEMPATH\Commands\Server\rewrite.php(47): require_once('D:\\xamp\\htdocs\\procurementwebsite-1\\procurementwebsite\\public\\index.php')
INFO - 2023-05-10 00:17:15 --> Session: Class initialized using 'CodeIgniter\Session\Handlers\FileHandler' driver.
INFO - 2023-05-10 00:17:18 --> Session: Class initialized using 'CodeIgniter\Session\Handlers\FileHandler' driver.
INFO - 2023-05-10 00:17:19 --> Session: Class initialized using 'CodeIgniter\Session\Handlers\FileHandler' driver.
INFO - 2023-05-10 00:20:29 --> Session: Class initialized using 'CodeIgniter\Session\Handlers\FileHandler' driver.
